<?xml version="1.0" encoding="UTF-8"?>
<coverage generated="1707476009382" clover="3.2.0">
  <project timestamp="1707476009382" name="All files">
    <metrics statements="707" coveredstatements="513" conditionals="377" coveredconditionals="238" methods="161" coveredmethods="121" elements="1245" coveredelements="872" complexity="0" loc="707" ncloc="707" packages="14" files="32" classes="32"/>
    <package name="Ultimate-Tic-Tac-Toe">
      <metrics statements="18" coveredstatements="0" conditionals="2" coveredconditionals="0" methods="4" coveredmethods="0"/>
      <file name="App.js" path="C:\Users\jasm2\Documents\3er anno\Polimi\Mobile Applications\Ultimate Tic Tac Toe\Ultimate-Tic-Tac-Toe\App.js">
        <metrics statements="13" coveredstatements="0" conditionals="2" coveredconditionals="0" methods="4" coveredmethods="0"/>
        <line num="8" count="0" type="stmt"/>
        <line num="14" count="0" type="stmt"/>
        <line num="15" count="0" type="stmt"/>
        <line num="20" count="0" type="stmt"/>
        <line num="21" count="0" type="stmt"/>
        <line num="23" count="0" type="stmt"/>
        <line num="24" count="0" type="stmt"/>
        <line num="25" count="0" type="stmt"/>
        <line num="26" count="0" type="stmt"/>
        <line num="29" count="0" type="stmt"/>
        <line num="32" count="0" type="cond" truecount="0" falsecount="2"/>
        <line num="33" count="0" type="stmt"/>
        <line num="36" count="0" type="stmt"/>
      </file>
      <file name="metro.config.js" path="C:\Users\jasm2\Documents\3er anno\Polimi\Mobile Applications\Ultimate Tic Tac Toe\Ultimate-Tic-Tac-Toe\metro.config.js">
        <metrics statements="4" coveredstatements="0" conditionals="0" coveredconditionals="0" methods="0" coveredmethods="0"/>
        <line num="1" count="0" type="stmt"/>
        <line num="3" count="0" type="stmt"/>
        <line num="4" count="0" type="stmt"/>
        <line num="6" count="0" type="stmt"/>
      </file>
      <file name="react-native.config.js" path="C:\Users\jasm2\Documents\3er anno\Polimi\Mobile Applications\Ultimate Tic Tac Toe\Ultimate-Tic-Tac-Toe\react-native.config.js">
        <metrics statements="1" coveredstatements="0" conditionals="0" coveredconditionals="0" methods="0" coveredmethods="0"/>
        <line num="1" count="0" type="stmt"/>
      </file>
    </package>
    <package name="Ultimate-Tic-Tac-Toe.plugins">
      <metrics statements="8" coveredstatements="0" conditionals="0" coveredconditionals="0" methods="3" coveredmethods="0"/>
      <file name="withDisableForcedDarkModeAndroid.js" path="C:\Users\jasm2\Documents\3er anno\Polimi\Mobile Applications\Ultimate Tic Tac Toe\Ultimate-Tic-Tac-Toe\plugins\withDisableForcedDarkModeAndroid.js">
        <metrics statements="8" coveredstatements="0" conditionals="0" coveredconditionals="0" methods="3" coveredmethods="0"/>
        <line num="5" count="0" type="stmt"/>
        <line num="8" count="0" type="stmt"/>
        <line num="15" count="0" type="stmt"/>
        <line num="18" count="0" type="stmt"/>
        <line num="19" count="0" type="stmt"/>
        <line num="20" count="0" type="stmt"/>
        <line num="21" count="0" type="stmt"/>
        <line num="25" count="0" type="stmt"/>
      </file>
    </package>
    <package name="Ultimate-Tic-Tac-Toe.src">
      <metrics statements="63" coveredstatements="49" conditionals="31" coveredconditionals="17" methods="17" coveredmethods="10"/>
      <file name="RulesScreen.js" path="C:\Users\jasm2\Documents\3er anno\Polimi\Mobile Applications\Ultimate Tic Tac Toe\Ultimate-Tic-Tac-Toe\src\RulesScreen.js">
        <metrics statements="13" coveredstatements="13" conditionals="6" coveredconditionals="3" methods="4" coveredmethods="4"/>
        <line num="10" count="1" type="stmt"/>
        <line num="11" count="3" type="stmt"/>
        <line num="12" count="3" type="stmt"/>
        <line num="13" count="3" type="stmt"/>
        <line num="15" count="3" type="cond" truecount="1" falsecount="1"/>
        <line num="16" count="3" type="cond" truecount="1" falsecount="1"/>
        <line num="17" count="3" type="cond" truecount="1" falsecount="1"/>
        <line num="20" count="3" type="stmt"/>
        <line num="31" count="48" type="stmt"/>
        <line num="33" count="3" type="stmt"/>
        <line num="41" count="18" type="stmt"/>
        <line num="59" count="1" type="stmt"/>
        <line num="66" count="1" type="stmt"/>
      </file>
      <file name="TutorialScreen.js" path="C:\Users\jasm2\Documents\3er anno\Polimi\Mobile Applications\Ultimate Tic Tac Toe\Ultimate-Tic-Tac-Toe\src\TutorialScreen.js">
        <metrics statements="50" coveredstatements="36" conditionals="25" coveredconditionals="14" methods="13" coveredmethods="6"/>
        <line num="18" count="1" type="stmt"/>
        <line num="19" count="18" type="stmt"/>
        <line num="20" count="18" type="cond" truecount="1" falsecount="1"/>
        <line num="22" count="18" type="stmt"/>
        <line num="23" count="18" type="stmt"/>
        <line num="25" count="18" type="stmt"/>
        <line num="26" count="18" type="stmt"/>
        <line num="27" count="18" type="stmt"/>
        <line num="28" count="18" type="stmt"/>
        <line num="30" count="18" type="stmt"/>
        <line num="31" count="18" type="stmt"/>
        <line num="33" count="18" type="stmt"/>
        <line num="34" count="18" type="stmt"/>
        <line num="51" count="18" type="stmt"/>
        <line num="52" count="6" type="stmt"/>
        <line num="55" count="18" type="stmt"/>
        <line num="57" count="11" type="cond" truecount="2" falsecount="0"/>
        <line num="58" count="2" type="stmt"/>
        <line num="60" count="2" type="cond" truecount="1" falsecount="1"/>
        <line num="61" count="0" type="stmt"/>
        <line num="62" count="0" type="stmt"/>
        <line num="68" count="11" type="stmt"/>
        <line num="69" count="11" type="cond" truecount="1" falsecount="1"/>
        <line num="70" count="11" type="stmt"/>
        <line num="73" count="0" type="stmt"/>
        <line num="80" count="18" type="stmt"/>
        <line num="82" count="1" type="stmt"/>
        <line num="84" count="1" type="cond" truecount="1" falsecount="1"/>
        <line num="86" count="1" type="stmt"/>
        <line num="90" count="0" type="stmt"/>
        <line num="93" count="1" type="cond" truecount="1" falsecount="1"/>
        <line num="94" count="0" type="stmt"/>
        <line num="95" count="0" type="stmt"/>
        <line num="98" count="1" type="cond" truecount="2" falsecount="3"/>
        <line num="99" count="1" type="stmt"/>
        <line num="100" count="1" type="stmt"/>
        <line num="103" count="0" type="cond" truecount="0" falsecount="2"/>
        <line num="104" count="0" type="stmt"/>
        <line num="106" count="0" type="stmt"/>
        <line num="111" count="18" type="stmt"/>
        <line num="112" count="0" type="stmt"/>
        <line num="113" count="0" type="stmt"/>
        <line num="114" count="0" type="stmt"/>
        <line num="115" count="0" type="stmt"/>
        <line num="116" count="0" type="stmt"/>
        <line num="120" count="18" type="stmt"/>
        <line num="121" count="18" type="cond" truecount="2" falsecount="0"/>
        <line num="122" count="18" type="stmt"/>
        <line num="152" count="1" type="stmt"/>
        <line num="166" count="1" type="stmt"/>
      </file>
    </package>
    <package name="Ultimate-Tic-Tac-Toe.src.AppLogic">
      <metrics statements="57" coveredstatements="0" conditionals="32" coveredconditionals="0" methods="11" coveredmethods="0"/>
      <file name="NavigationLogic.js" path="C:\Users\jasm2\Documents\3er anno\Polimi\Mobile Applications\Ultimate Tic Tac Toe\Ultimate-Tic-Tac-Toe\src\AppLogic\NavigationLogic.js">
        <metrics statements="25" coveredstatements="0" conditionals="20" coveredconditionals="0" methods="6" coveredmethods="0"/>
        <line num="22" count="0" type="stmt"/>
        <line num="23" count="0" type="stmt"/>
        <line num="26" count="0" type="stmt"/>
        <line num="30" count="0" type="stmt"/>
        <line num="36" count="0" type="stmt"/>
        <line num="37" count="0" type="stmt"/>
        <line num="38" count="0" type="stmt"/>
        <line num="39" count="0" type="cond" truecount="0" falsecount="2"/>
        <line num="40" count="0" type="cond" truecount="0" falsecount="2"/>
        <line num="41" count="0" type="stmt"/>
        <line num="42" count="0" type="stmt"/>
        <line num="43" count="0" type="stmt"/>
        <line num="46" count="0" type="cond" truecount="0" falsecount="2"/>
        <line num="47" count="0" type="cond" truecount="0" falsecount="2"/>
        <line num="48" count="0" type="cond" truecount="0" falsecount="2"/>
        <line num="49" count="0" type="cond" truecount="0" falsecount="2"/>
        <line num="51" count="0" type="cond" truecount="0" falsecount="2"/>
        <line num="52" count="0" type="cond" truecount="0" falsecount="2"/>
        <line num="54" count="0" type="cond" truecount="0" falsecount="2"/>
        <line num="55" count="0" type="cond" truecount="0" falsecount="2"/>
        <line num="57" count="0" type="stmt"/>
        <line num="77" count="0" type="stmt"/>
        <line num="79" count="0" type="stmt"/>
        <line num="88" count="0" type="stmt"/>
        <line num="89" count="0" type="stmt"/>
      </file>
      <file name="ThemeLogic.js" path="C:\Users\jasm2\Documents\3er anno\Polimi\Mobile Applications\Ultimate Tic Tac Toe\Ultimate-Tic-Tac-Toe\src\AppLogic\ThemeLogic.js">
        <metrics statements="32" coveredstatements="0" conditionals="12" coveredconditionals="0" methods="5" coveredmethods="0"/>
        <line num="13" count="0" type="stmt"/>
        <line num="15" count="0" type="stmt"/>
        <line num="16" count="0" type="stmt"/>
        <line num="17" count="0" type="stmt"/>
        <line num="18" count="0" type="stmt"/>
        <line num="19" count="0" type="stmt"/>
        <line num="20" count="0" type="stmt"/>
        <line num="21" count="0" type="stmt"/>
        <line num="22" count="0" type="cond" truecount="0" falsecount="2"/>
        <line num="23" count="0" type="stmt"/>
        <line num="27" count="0" type="cond" truecount="0" falsecount="2"/>
        <line num="28" count="0" type="stmt"/>
        <line num="32" count="0" type="stmt"/>
        <line num="33" count="0" type="stmt"/>
        <line num="37" count="0" type="stmt"/>
        <line num="40" count="0" type="stmt"/>
        <line num="42" count="0" type="cond" truecount="0" falsecount="2"/>
        <line num="43" count="0" type="stmt"/>
        <line num="44" count="0" type="stmt"/>
        <line num="46" count="0" type="cond" truecount="0" falsecount="2"/>
        <line num="47" count="0" type="stmt"/>
        <line num="49" count="0" type="stmt"/>
        <line num="51" count="0" type="stmt"/>
        <line num="52" count="0" type="stmt"/>
        <line num="53" count="0" type="stmt"/>
        <line num="54" count="0" type="stmt"/>
        <line num="55" count="0" type="cond" truecount="0" falsecount="2"/>
        <line num="56" count="0" type="stmt"/>
        <line num="60" count="0" type="stmt"/>
        <line num="61" count="0" type="stmt"/>
        <line num="65" count="0" type="stmt"/>
        <line num="70" count="0" type="stmt"/>
      </file>
    </package>
    <package name="Ultimate-Tic-Tac-Toe.src.Firebase">
      <metrics statements="4" coveredstatements="0" conditionals="0" coveredconditionals="0" methods="0" coveredmethods="0"/>
      <file name="firebaseConfig.js" path="C:\Users\jasm2\Documents\3er anno\Polimi\Mobile Applications\Ultimate Tic Tac Toe\Ultimate-Tic-Tac-Toe\src\Firebase\firebaseConfig.js">
        <metrics statements="4" coveredstatements="0" conditionals="0" coveredconditionals="0" methods="0" coveredmethods="0"/>
        <line num="15" count="0" type="stmt"/>
        <line num="26" count="0" type="stmt"/>
        <line num="27" count="0" type="stmt"/>
        <line num="28" count="0" type="stmt"/>
      </file>
    </package>
    <package name="Ultimate-Tic-Tac-Toe.src.GameLogic">
      <metrics statements="183" coveredstatements="171" conditionals="97" coveredconditionals="78" methods="41" coveredmethods="39"/>
      <file name="Game.js" path="C:\Users\jasm2\Documents\3er anno\Polimi\Mobile Applications\Ultimate Tic Tac Toe\Ultimate-Tic-Tac-Toe\src\GameLogic\Game.js">
        <metrics statements="112" coveredstatements="105" conditionals="75" coveredconditionals="64" methods="17" coveredmethods="17"/>
        <line num="6" count="5044" type="stmt"/>
        <line num="7" count="5044" type="stmt"/>
        <line num="8" count="5044" type="stmt"/>
        <line num="9" count="5044" type="stmt"/>
        <line num="10" count="5044" type="stmt"/>
        <line num="11" count="5044" type="stmt"/>
        <line num="12" count="5044" type="stmt"/>
        <line num="13" count="5044" type="stmt"/>
        <line num="14" count="5044" type="stmt"/>
        <line num="18" count="19" type="stmt"/>
        <line num="19" count="171" type="stmt"/>
        <line num="20" count="19" type="stmt"/>
        <line num="21" count="19" type="stmt"/>
        <line num="22" count="19" type="stmt"/>
        <line num="23" count="19" type="stmt"/>
        <line num="24" count="19" type="stmt"/>
        <line num="25" count="19" type="stmt"/>
        <line num="26" count="19" type="stmt"/>
        <line num="27" count="19" type="stmt"/>
        <line num="28" count="19" type="stmt"/>
        <line num="29" count="19" type="stmt"/>
        <line num="33" count="38199" type="cond" truecount="2" falsecount="0"/>
        <line num="37" count="28580" type="stmt"/>
        <line num="38" count="80229" type="cond" truecount="2" falsecount="0"/>
        <line num="43" count="1880" type="stmt"/>
        <line num="46" count="78349" type="cond" truecount="2" falsecount="0"/>
        <line num="51" count="2399" type="stmt"/>
        <line num="55" count="24301" type="cond" truecount="2" falsecount="0"/>
        <line num="59" count="954" type="stmt"/>
        <line num="62" count="23347" type="stmt"/>
        <line num="67" count="711" type="stmt"/>
        <line num="68" count="711" type="stmt"/>
        <line num="69" count="711" type="cond" truecount="2" falsecount="0"/>
        <line num="72" count="82" type="stmt"/>
        <line num="73" count="738" type="stmt"/>
        <line num="74" count="6642" type="cond" truecount="4" falsecount="0"/>
        <line num="75" count="1606" type="stmt"/>
        <line num="82" count="629" type="stmt"/>
        <line num="83" count="5661" type="cond" truecount="2" falsecount="0"/>
        <line num="84" count="3474" type="stmt"/>
        <line num="89" count="711" type="stmt"/>
        <line num="95" count="5664" type="cond" truecount="5" falsecount="0"/>
        <line num="97" count="11" type="stmt"/>
        <line num="101" count="5653" type="cond" truecount="2" falsecount="0"/>
        <line num="102" count="1" type="stmt"/>
        <line num="104" count="5652" type="stmt"/>
        <line num="106" count="5652" type="stmt"/>
        <line num="109" count="5652" type="cond" truecount="2" falsecount="0"/>
        <line num="110" count="681" type="stmt"/>
        <line num="114" count="5652" type="cond" truecount="2" falsecount="0"/>
        <line num="115" count="376" type="stmt"/>
        <line num="119" count="5652" type="cond" truecount="2" falsecount="0"/>
        <line num="120" count="55" type="stmt"/>
        <line num="122" count="55" type="stmt"/>
        <line num="126" count="5652" type="stmt"/>
        <line num="127" count="5652" type="cond" truecount="2" falsecount="0"/>
        <line num="128" count="5652" type="cond" truecount="2" falsecount="0"/>
        <line num="129" count="5652" type="stmt"/>
        <line num="130" count="5652" type="stmt"/>
        <line num="132" count="5652" type="stmt"/>
        <line num="136" count="1" type="stmt"/>
        <line num="137" count="1" type="cond" truecount="1" falsecount="1"/>
        <line num="138" count="1" type="stmt"/>
        <line num="141" count="0" type="stmt"/>
        <line num="142" count="0" type="stmt"/>
        <line num="143" count="0" type="stmt"/>
        <line num="149" count="10717" type="cond" truecount="2" falsecount="0"/>
        <line num="153" count="90" type="stmt"/>
        <line num="154" count="90" type="cond" truecount="2" falsecount="0"/>
        <line num="155" count="12" type="cond" truecount="2" falsecount="0"/>
        <line num="157" count="78" type="stmt"/>
        <line num="161" count="44721" type="stmt"/>
        <line num="162" count="4969" type="stmt"/>
        <line num="163" count="4969" type="stmt"/>
        <line num="164" count="4969" type="stmt"/>
        <line num="165" count="4969" type="stmt"/>
        <line num="166" count="4969" type="stmt"/>
        <line num="167" count="4969" type="stmt"/>
        <line num="168" count="4969" type="stmt"/>
        <line num="169" count="4969" type="stmt"/>
        <line num="170" count="4969" type="stmt"/>
        <line num="171" count="4969" type="stmt"/>
        <line num="172" count="4969" type="stmt"/>
        <line num="173" count="4969" type="stmt"/>
        <line num="174" count="4969" type="stmt"/>
        <line num="178" count="2" type="cond" truecount="1" falsecount="1"/>
        <line num="179" count="0" type="stmt"/>
        <line num="181" count="2" type="stmt"/>
        <line num="182" count="2" type="stmt"/>
        <line num="183" count="2" type="stmt"/>
        <line num="186" count="2" type="cond" truecount="1" falsecount="1"/>
        <line num="187" count="2" type="stmt"/>
        <line num="191" count="2" type="cond" truecount="3" falsecount="1"/>
        <line num="192" count="0" type="stmt"/>
        <line num="195" count="2" type="stmt"/>
        <line num="198" count="2" type="cond" truecount="1" falsecount="1"/>
        <line num="199" count="2" type="cond" truecount="1" falsecount="1"/>
        <line num="200" count="2" type="stmt"/>
        <line num="201" count="2" type="stmt"/>
        <line num="206" count="1" type="cond" truecount="1" falsecount="1"/>
        <line num="207" count="0" type="stmt"/>
        <line num="209" count="1" type="stmt"/>
        <line num="210" count="1" type="stmt"/>
        <line num="211" count="1" type="stmt"/>
        <line num="214" count="1" type="cond" truecount="1" falsecount="1"/>
        <line num="215" count="1" type="stmt"/>
        <line num="219" count="1" type="cond" truecount="1" falsecount="1"/>
        <line num="220" count="1" type="stmt"/>
        <line num="223" count="0" type="stmt"/>
        <line num="226" count="1" type="cond" truecount="1" falsecount="1"/>
        <line num="227" count="1" type="cond" truecount="1" falsecount="1"/>
        <line num="228" count="1" type="stmt"/>
      </file>
      <file name="MonteCarloTreeSearch.js" path="C:\Users\jasm2\Documents\3er anno\Polimi\Mobile Applications\Ultimate Tic Tac Toe\Ultimate-Tic-Tac-Toe\src\GameLogic\MonteCarloTreeSearch.js">
        <metrics statements="71" coveredstatements="66" conditionals="22" coveredconditionals="14" methods="24" coveredmethods="22"/>
        <line num="2" count="2" type="stmt"/>
        <line num="5" count="12" type="stmt"/>
        <line num="6" count="12" type="stmt"/>
        <line num="7" count="12" type="stmt"/>
        <line num="8" count="12" type="stmt"/>
        <line num="9" count="12" type="stmt"/>
        <line num="10" count="12" type="stmt"/>
        <line num="14" count="10" type="stmt"/>
        <line num="19" count="0" type="stmt"/>
        <line num="20" count="0" type="stmt"/>
        <line num="21" count="0" type="cond" truecount="0" falsecount="2"/>
        <line num="22" count="0" type="cond" truecount="0" falsecount="2"/>
        <line num="27" count="10" type="stmt"/>
        <line num="28" count="10" type="stmt"/>
        <line num="29" count="10" type="stmt"/>
        <line num="35" count="2" type="stmt"/>
        <line num="37" count="2" type="stmt"/>
        <line num="38" count="10" type="stmt"/>
        <line num="41" count="10" type="cond" truecount="2" falsecount="0"/>
        <line num="42" count="0" type="stmt"/>
        <line num="46" count="10" type="cond" truecount="1" falsecount="1"/>
        <line num="47" count="10" type="stmt"/>
        <line num="48" count="160" type="stmt"/>
        <line num="49" count="10" type="stmt"/>
        <line num="50" count="10" type="stmt"/>
        <line num="51" count="10" type="stmt"/>
        <line num="52" count="10" type="stmt"/>
        <line num="56" count="10" type="stmt"/>
        <line num="59" count="10" type="stmt"/>
        <line num="61" count="10" type="cond" truecount="2" falsecount="0"/>
        <line num="62" count="6" type="stmt"/>
        <line num="63" count="6" type="stmt"/>
        <line num="67" count="10" type="cond" truecount="2" falsecount="0"/>
        <line num="68" count="2" type="stmt"/>
        <line num="72" count="10" type="stmt"/>
        <line num="73" count="10" type="stmt"/>
        <line num="75" count="10" type="stmt"/>
        <line num="76" count="691" type="stmt"/>
        <line num="77" count="4920" type="stmt"/>
        <line num="78" count="10430" type="stmt"/>
        <line num="79" count="691" type="stmt"/>
        <line num="81" count="691" type="stmt"/>
        <line num="84" count="10" type="stmt"/>
        <line num="85" count="10" type="cond" truecount="2" falsecount="2"/>
        <line num="90" count="4920" type="stmt"/>
        <line num="91" count="4920" type="stmt"/>
        <line num="93" count="4920" type="stmt"/>
        <line num="94" count="4920" type="stmt"/>
        <line num="97" count="4920" type="stmt"/>
        <line num="98" count="4920" type="stmt"/>
        <line num="99" count="4920" type="cond" truecount="2" falsecount="0"/>
        <line num="101" count="4920" type="stmt"/>
        <line num="106" count="9840" type="stmt"/>
        <line num="107" count="88560" type="stmt"/>
        <line num="108" count="88560" type="stmt"/>
        <line num="111" count="9840" type="stmt"/>
        <line num="116" count="88560" type="stmt"/>
        <line num="127" count="936482" type="stmt"/>
        <line num="132" count="4920" type="stmt"/>
        <line num="133" count="4920" type="stmt"/>
        <line num="138" count="10" type="stmt"/>
        <line num="139" count="20" type="stmt"/>
        <line num="140" count="20" type="stmt"/>
        <line num="141" count="20" type="stmt"/>
        <line num="148" count="20" type="stmt"/>
        <line num="151" count="20" type="stmt"/>
        <line num="154" count="20" type="stmt"/>
        <line num="155" count="20" type="stmt"/>
        <line num="160" count="50" type="cond" truecount="1" falsecount="1"/>
        <line num="161" count="50" type="stmt"/>
        <line num="162" count="50" type="stmt"/>
      </file>
    </package>
    <package name="Ultimate-Tic-Tac-Toe.src.GamePlayScreen">
      <metrics statements="83" coveredstatements="69" conditionals="47" coveredconditionals="36" methods="19" coveredmethods="16"/>
      <file name="BigBoard.js" path="C:\Users\jasm2\Documents\3er anno\Polimi\Mobile Applications\Ultimate Tic Tac Toe\Ultimate-Tic-Tac-Toe\src\GamePlayScreen\BigBoard.js">
        <metrics statements="9" coveredstatements="9" conditionals="2" coveredconditionals="2" methods="3" coveredmethods="3"/>
        <line num="6" count="3" type="stmt"/>
        <line num="7" count="64" type="stmt"/>
        <line num="10" count="186" type="stmt"/>
        <line num="12" count="552" type="stmt"/>
        <line num="29" count="3" type="stmt"/>
        <line num="30" count="3" type="stmt"/>
        <line num="31" count="3" type="stmt"/>
        <line num="32" count="3" type="stmt"/>
        <line num="34" count="3" type="stmt"/>
      </file>
      <file name="Cell.js" path="C:\Users\jasm2\Documents\3er anno\Polimi\Mobile Applications\Ultimate Tic Tac Toe\Ultimate-Tic-Tac-Toe\src\GamePlayScreen\Cell.js">
        <metrics statements="7" coveredstatements="7" conditionals="11" coveredconditionals="11" methods="1" coveredmethods="1"/>
        <line num="9" count="3" type="stmt"/>
        <line num="10" count="4680" type="stmt"/>
        <line num="11" count="4680" type="stmt"/>
        <line num="12" count="4680" type="cond" truecount="4" falsecount="0"/>
        <line num="13" count="4677" type="cond" truecount="4" falsecount="0"/>
        <line num="14" count="4677" type="stmt"/>
        <line num="21" count="3" type="stmt"/>
      </file>
      <file name="GamePlayScreen.js" path="C:\Users\jasm2\Documents\3er anno\Polimi\Mobile Applications\Ultimate Tic Tac Toe\Ultimate-Tic-Tac-Toe\src\GamePlayScreen\GamePlayScreen.js">
        <metrics statements="45" coveredstatements="35" conditionals="20" coveredconditionals="13" methods="7" coveredmethods="6"/>
        <line num="20" count="1" type="stmt"/>
        <line num="22" count="36" type="stmt"/>
        <line num="24" count="36" type="stmt"/>
        <line num="25" count="36" type="stmt"/>
        <line num="26" count="36" type="stmt"/>
        <line num="27" count="36" type="stmt"/>
        <line num="29" count="36" type="stmt"/>
        <line num="31" count="36" type="stmt"/>
        <line num="32" count="36" type="cond" truecount="1" falsecount="1"/>
        <line num="34" count="36" type="stmt"/>
        <line num="36" count="25" type="stmt"/>
        <line num="38" count="25" type="cond" truecount="1" falsecount="1"/>
        <line num="39" count="25" type="stmt"/>
        <line num="40" count="25" type="stmt"/>
        <line num="42" count="0" type="stmt"/>
        <line num="45" count="25" type="cond" truecount="2" falsecount="0"/>
        <line num="46" count="1" type="stmt"/>
        <line num="47" count="1" type="stmt"/>
        <line num="48" count="1" type="stmt"/>
        <line num="49" count="1" type="stmt"/>
        <line num="52" count="24" type="cond" truecount="2" falsecount="0"/>
        <line num="53" count="2" type="stmt"/>
        <line num="57" count="36" type="stmt"/>
        <line num="58" count="2" type="stmt"/>
        <line num="59" count="2" type="stmt"/>
        <line num="60" count="2" type="stmt"/>
        <line num="61" count="2" type="stmt"/>
        <line num="62" count="2" type="stmt"/>
        <line num="63" count="2" type="stmt"/>
        <line num="67" count="36" type="stmt"/>
        <line num="69" count="7" type="cond" truecount="1" falsecount="1"/>
        <line num="70" count="0" type="stmt"/>
        <line num="71" count="0" type="stmt"/>
        <line num="72" count="0" type="stmt"/>
        <line num="73" count="0" type="cond" truecount="0" falsecount="2"/>
        <line num="74" count="0" type="stmt"/>
        <line num="76" count="0" type="stmt"/>
        <line num="77" count="0" type="stmt"/>
        <line num="81" count="0" type="stmt"/>
        <line num="83" count="7" type="cond" truecount="1" falsecount="1"/>
        <line num="84" count="0" type="stmt"/>
        <line num="88" count="36" type="stmt"/>
        <line num="89" count="36" type="cond" truecount="2" falsecount="0"/>
        <line num="90" count="36" type="stmt"/>
        <line num="105" count="1" type="stmt"/>
      </file>
      <file name="SmallBoard.js" path="C:\Users\jasm2\Documents\3er anno\Polimi\Mobile Applications\Ultimate Tic Tac Toe\Ultimate-Tic-Tac-Toe\src\GamePlayScreen\SmallBoard.js">
        <metrics statements="6" coveredstatements="6" conditionals="2" coveredconditionals="2" methods="4" coveredmethods="4"/>
        <line num="6" count="3" type="stmt"/>
        <line num="7" count="552" type="stmt"/>
        <line num="11" count="1548" type="stmt"/>
        <line num="13" count="4644" type="stmt"/>
        <line num="20" count="26" type="stmt"/>
        <line num="41" count="3" type="stmt"/>
      </file>
      <file name="WinnerModal.js" path="C:\Users\jasm2\Documents\3er anno\Polimi\Mobile Applications\Ultimate Tic Tac Toe\Ultimate-Tic-Tac-Toe\src\GamePlayScreen\WinnerModal.js">
        <metrics statements="16" coveredstatements="12" conditionals="12" coveredconditionals="8" methods="4" coveredmethods="2"/>
        <line num="10" count="2" type="stmt"/>
        <line num="11" count="54" type="stmt"/>
        <line num="12" count="54" type="stmt"/>
        <line num="13" count="54" type="stmt"/>
        <line num="14" count="54" type="cond" truecount="1" falsecount="1"/>
        <line num="16" count="54" type="stmt"/>
        <line num="17" count="54" type="cond" truecount="1" falsecount="1"/>
        <line num="18" count="0" type="stmt"/>
        <line num="19" count="54" type="cond" truecount="2" falsecount="0"/>
        <line num="20" count="1" type="stmt"/>
        <line num="22" count="53" type="stmt"/>
        <line num="26" count="54" type="stmt"/>
        <line num="32" count="0" type="stmt"/>
        <line num="44" count="0" type="stmt"/>
        <line num="45" count="0" type="stmt"/>
        <line num="57" count="2" type="stmt"/>
      </file>
    </package>
    <package name="Ultimate-Tic-Tac-Toe.src.HomeScreen">
      <metrics statements="21" coveredstatements="20" conditionals="20" coveredconditionals="14" methods="10" coveredmethods="9"/>
      <file name="HomeScreen.js" path="C:\Users\jasm2\Documents\3er anno\Polimi\Mobile Applications\Ultimate Tic Tac Toe\Ultimate-Tic-Tac-Toe\src\HomeScreen\HomeScreen.js">
        <metrics statements="21" coveredstatements="20" conditionals="20" coveredconditionals="14" methods="10" coveredmethods="9"/>
        <line num="13" count="1" type="stmt"/>
        <line num="14" count="21" type="stmt"/>
        <line num="15" count="21" type="stmt"/>
        <line num="16" count="21" type="stmt"/>
        <line num="17" count="21" type="stmt"/>
        <line num="18" count="21" type="stmt"/>
        <line num="20" count="21" type="stmt"/>
        <line num="21" count="21" type="cond" truecount="1" falsecount="1"/>
        <line num="23" count="21" type="cond" truecount="1" falsecount="1"/>
        <line num="24" count="21" type="cond" truecount="1" falsecount="1"/>
        <line num="26" count="21" type="stmt"/>
        <line num="28" count="21" type="stmt"/>
        <line num="36" count="0" type="stmt"/>
        <line num="38" count="1" type="stmt"/>
        <line num="61" count="1" type="cond" truecount="1" falsecount="1"/>
        <line num="70" count="3" type="stmt"/>
        <line num="71" count="3" type="cond" truecount="2" falsecount="0"/>
        <line num="91" count="5" type="stmt"/>
        <line num="96" count="1" type="stmt"/>
        <line num="102" count="1" type="stmt"/>
        <line num="116" count="1" type="stmt"/>
      </file>
    </package>
    <package name="Ultimate-Tic-Tac-Toe.src.HomeScreen.homeComponents">
      <metrics statements="6" coveredstatements="6" conditionals="0" coveredconditionals="0" methods="2" coveredmethods="2"/>
      <file name="ButtonComponent.js" path="C:\Users\jasm2\Documents\3er anno\Polimi\Mobile Applications\Ultimate Tic Tac Toe\Ultimate-Tic-Tac-Toe\src\HomeScreen\homeComponents\ButtonComponent.js">
        <metrics statements="2" coveredstatements="2" conditionals="0" coveredconditionals="0" methods="1" coveredmethods="1"/>
        <line num="7" count="297" type="stmt"/>
        <line num="14" count="6" type="stmt"/>
      </file>
      <file name="HomeTitleComponent.js" path="C:\Users\jasm2\Documents\3er anno\Polimi\Mobile Applications\Ultimate Tic Tac Toe\Ultimate-Tic-Tac-Toe\src\HomeScreen\homeComponents\HomeTitleComponent.js">
        <metrics statements="4" coveredstatements="4" conditionals="0" coveredconditionals="0" methods="1" coveredmethods="1"/>
        <line num="7" count="1" type="stmt"/>
        <line num="8" count="21" type="stmt"/>
        <line num="10" count="21" type="stmt"/>
        <line num="22" count="1" type="stmt"/>
      </file>
    </package>
    <package name="Ultimate-Tic-Tac-Toe.src.SettingsScreen">
      <metrics statements="205" coveredstatements="147" conditionals="108" coveredconditionals="64" methods="36" coveredmethods="30"/>
      <file name="AuthenticationSection.js" path="C:\Users\jasm2\Documents\3er anno\Polimi\Mobile Applications\Ultimate Tic Tac Toe\Ultimate-Tic-Tac-Toe\src\SettingsScreen\AuthenticationSection.js">
        <metrics statements="117" coveredstatements="78" conditionals="36" coveredconditionals="13" methods="19" coveredmethods="18"/>
        <line num="23" count="1" type="stmt"/>
        <line num="24" count="57" type="stmt"/>
        <line num="25" count="57" type="stmt"/>
        <line num="26" count="56" type="stmt"/>
        <line num="27" count="56" type="stmt"/>
        <line num="28" count="56" type="stmt"/>
        <line num="31" count="56" type="stmt"/>
        <line num="32" count="56" type="cond" truecount="1" falsecount="1"/>
        <line num="33" count="56" type="cond" truecount="1" falsecount="1"/>
        <line num="34" count="56" type="stmt"/>
        <line num="35" count="56" type="stmt"/>
        <line num="36" count="56" type="cond" truecount="1" falsecount="1"/>
        <line num="37" count="56" type="cond" truecount="1" falsecount="1"/>
        <line num="41" count="56" type="stmt"/>
        <line num="42" count="17" type="stmt"/>
        <line num="43" count="0" type="stmt"/>
        <line num="46" count="17" type="stmt"/>
        <line num="49" count="56" type="stmt"/>
        <line num="50" count="6" type="stmt"/>
        <line num="51" count="6" type="stmt"/>
        <line num="52" count="6" type="stmt"/>
        <line num="53" count="6" type="stmt"/>
        <line num="54" count="6" type="stmt"/>
        <line num="57" count="0" type="stmt"/>
        <line num="58" count="0" type="cond" truecount="0" falsecount="2"/>
        <line num="59" count="0" type="stmt"/>
        <line num="60" count="0" type="cond" truecount="0" falsecount="2"/>
        <line num="61" count="0" type="stmt"/>
        <line num="62" count="0" type="cond" truecount="0" falsecount="2"/>
        <line num="63" count="0" type="stmt"/>
        <line num="65" count="0" type="stmt"/>
        <line num="67" count="0" type="stmt"/>
        <line num="71" count="56" type="stmt"/>
        <line num="72" count="1" type="stmt"/>
        <line num="73" count="1" type="stmt"/>
        <line num="74" count="1" type="stmt"/>
        <line num="75" count="1" type="stmt"/>
        <line num="77" count="0" type="stmt"/>
        <line num="78" count="0" type="cond" truecount="0" falsecount="2"/>
        <line num="79" count="0" type="stmt"/>
        <line num="80" count="0" type="cond" truecount="0" falsecount="2"/>
        <line num="81" count="0" type="stmt"/>
        <line num="82" count="0" type="cond" truecount="0" falsecount="2"/>
        <line num="83" count="0" type="stmt"/>
        <line num="85" count="0" type="stmt"/>
        <line num="88" count="0" type="stmt"/>
        <line num="93" count="56" type="stmt"/>
        <line num="94" count="1" type="cond" truecount="1" falsecount="1"/>
        <line num="95" count="0" type="stmt"/>
        <line num="98" count="1" type="stmt"/>
        <line num="99" count="1" type="cond" truecount="1" falsecount="1"/>
        <line num="100" count="0" type="stmt"/>
        <line num="101" count="0" type="stmt"/>
        <line num="104" count="1" type="stmt"/>
        <line num="106" count="1" type="stmt"/>
        <line num="107" count="1" type="stmt"/>
        <line num="109" count="1" type="stmt"/>
        <line num="110" count="1" type="stmt"/>
        <line num="112" count="1" type="cond" truecount="1" falsecount="1"/>
        <line num="114" count="0" type="stmt"/>
        <line num="122" count="1" type="stmt"/>
        <line num="123" count="1" type="stmt"/>
        <line num="125" count="1" type="stmt"/>
        <line num="126" count="1" type="cond" truecount="1" falsecount="1"/>
        <line num="129" count="3" type="stmt"/>
        <line num="132" count="2" type="stmt"/>
        <line num="133" count="1" type="stmt"/>
        <line num="135" count="1" type="stmt"/>
        <line num="136" count="1" type="stmt"/>
        <line num="142" count="1" type="stmt"/>
        <line num="143" count="1" type="stmt"/>
        <line num="145" count="0" type="stmt"/>
        <line num="146" count="0" type="stmt"/>
        <line num="147" count="0" type="stmt"/>
        <line num="152" count="56" type="stmt"/>
        <line num="153" count="1" type="cond" truecount="1" falsecount="1"/>
        <line num="154" count="0" type="stmt"/>
        <line num="157" count="1" type="stmt"/>
        <line num="159" count="1" type="stmt"/>
        <line num="160" count="1" type="stmt"/>
        <line num="161" count="1" type="stmt"/>
        <line num="163" count="1" type="stmt"/>
        <line num="164" count="1" type="cond" truecount="1" falsecount="1"/>
        <line num="165" count="1" type="stmt"/>
        <line num="166" count="1" type="stmt"/>
        <line num="169" count="0" type="stmt"/>
        <line num="170" count="0" type="stmt"/>
        <line num="174" count="0" type="stmt"/>
        <line num="175" count="0" type="stmt"/>
        <line num="176" count="0" type="stmt"/>
        <line num="181" count="56" type="stmt"/>
        <line num="182" count="1" type="cond" truecount="1" falsecount="1"/>
        <line num="183" count="0" type="stmt"/>
        <line num="186" count="1" type="stmt"/>
        <line num="188" count="1" type="stmt"/>
        <line num="191" count="1" type="stmt"/>
        <line num="192" count="1" type="stmt"/>
        <line num="193" count="1" type="stmt"/>
        <line num="194" count="1" type="stmt"/>
        <line num="197" count="1" type="stmt"/>
        <line num="200" count="0" type="stmt"/>
        <line num="201" count="0" type="stmt"/>
        <line num="202" count="0" type="stmt"/>
        <line num="206" count="56" type="stmt"/>
        <line num="207" count="1" type="stmt"/>
        <line num="208" count="1" type="stmt"/>
        <line num="209" count="1" type="stmt"/>
        <line num="210" count="1" type="stmt"/>
        <line num="213" count="0" type="stmt"/>
        <line num="214" count="0" type="stmt"/>
        <line num="215" count="0" type="stmt"/>
        <line num="219" count="56" type="stmt"/>
        <line num="234" count="9" type="stmt"/>
        <line num="250" count="7" type="stmt"/>
        <line num="260" count="7" type="stmt"/>
        <line num="270" count="1" type="stmt"/>
        <line num="279" count="1" type="stmt"/>
      </file>
      <file name="ColorPicker.js" path="C:\Users\jasm2\Documents\3er anno\Polimi\Mobile Applications\Ultimate Tic Tac Toe\Ultimate-Tic-Tac-Toe\src\SettingsScreen\ColorPicker.js">
        <metrics statements="32" coveredstatements="23" conditionals="48" coveredconditionals="40" methods="8" coveredmethods="5"/>
        <line num="20" count="1" type="stmt"/>
        <line num="21" count="1" type="stmt"/>
        <line num="28" count="18" type="stmt"/>
        <line num="30" count="18" type="stmt"/>
        <line num="32" count="18" type="stmt"/>
        <line num="33" count="18" type="stmt"/>
        <line num="35" count="18" type="stmt"/>
        <line num="36" count="18" type="stmt"/>
        <line num="40" count="18" type="stmt"/>
        <line num="44" count="1" type="cond" truecount="2" falsecount="2"/>
        <line num="47" count="0" type="cond" truecount="2" falsecount="2"/>
        <line num="70" count="180" type="cond" truecount="2" falsecount="0"/>
        <line num="71" count="180" type="cond" truecount="2" falsecount="0"/>
        <line num="72" count="180" type="stmt"/>
        <line num="77" count="1" type="cond" truecount="1" falsecount="1"/>
        <line num="78" count="1" type="cond" truecount="1" falsecount="1"/>
        <line num="79" count="1" type="stmt"/>
        <line num="80" count="1" type="stmt"/>
        <line num="81" count="1" type="stmt"/>
        <line num="82" count="1" type="stmt"/>
        <line num="83" count="1" type="stmt"/>
        <line num="84" count="1" type="stmt"/>
        <line num="89" count="0" type="stmt"/>
        <line num="91" count="1" type="stmt"/>
        <line num="92" count="0" type="cond" truecount="0" falsecount="2"/>
        <line num="93" count="0" type="stmt"/>
        <line num="94" count="0" type="stmt"/>
        <line num="95" count="0" type="stmt"/>
        <line num="96" count="0" type="stmt"/>
        <line num="103" count="0" type="stmt"/>
        <line num="125" count="0" type="stmt"/>
        <line num="135" count="1" type="stmt"/>
      </file>
      <file name="ResetColorTheme.js" path="C:\Users\jasm2\Documents\3er anno\Polimi\Mobile Applications\Ultimate Tic Tac Toe\Ultimate-Tic-Tac-Toe\src\SettingsScreen\ResetColorTheme.js">
        <metrics statements="20" coveredstatements="19" conditionals="2" coveredconditionals="1" methods="3" coveredmethods="3"/>
        <line num="15" count="1" type="stmt"/>
        <line num="16" count="17" type="stmt"/>
        <line num="18" count="17" type="stmt"/>
        <line num="19" count="17" type="stmt"/>
        <line num="20" count="17" type="stmt"/>
        <line num="21" count="17" type="stmt"/>
        <line num="22" count="17" type="cond" truecount="1" falsecount="1"/>
        <line num="24" count="17" type="stmt"/>
        <line num="25" count="1" type="stmt"/>
        <line num="27" count="1" type="stmt"/>
        <line num="28" count="1" type="stmt"/>
        <line num="29" count="1" type="stmt"/>
        <line num="30" count="1" type="stmt"/>
        <line num="31" count="1" type="stmt"/>
        <line num="35" count="1" type="stmt"/>
        <line num="39" count="1" type="stmt"/>
        <line num="44" count="0" type="stmt"/>
        <line num="46" count="1" type="stmt"/>
        <line num="49" count="17" type="stmt"/>
        <line num="63" count="1" type="stmt"/>
      </file>
      <file name="SettingsScreen.js" path="C:\Users\jasm2\Documents\3er anno\Polimi\Mobile Applications\Ultimate Tic Tac Toe\Ultimate-Tic-Tac-Toe\src\SettingsScreen\SettingsScreen.js">
        <metrics statements="21" coveredstatements="12" conditionals="12" coveredconditionals="5" methods="3" coveredmethods="1"/>
        <line num="24" count="1" type="stmt"/>
        <line num="25" count="17" type="stmt"/>
        <line num="26" count="17" type="stmt"/>
        <line num="27" count="17" type="stmt"/>
        <line num="29" count="17" type="stmt"/>
        <line num="30" count="0" type="cond" truecount="0" falsecount="2"/>
        <line num="31" count="0" type="stmt"/>
        <line num="32" count="0" type="stmt"/>
        <line num="33" count="0" type="stmt"/>
        <line num="34" count="0" type="stmt"/>
        <line num="39" count="0" type="stmt"/>
        <line num="40" count="0" type="stmt"/>
        <line num="43" count="0" type="stmt"/>
        <line num="45" count="0" type="stmt"/>
        <line num="50" count="17" type="stmt"/>
        <line num="51" count="17" type="cond" truecount="1" falsecount="1"/>
        <line num="52" count="17" type="cond" truecount="1" falsecount="1"/>
        <line num="53" count="17" type="cond" truecount="1" falsecount="1"/>
        <line num="54" count="17" type="stmt"/>
        <line num="55" count="17" type="stmt"/>
        <line num="76" count="1" type="stmt"/>
      </file>
      <file name="ThemePicker.js" path="C:\Users\jasm2\Documents\3er anno\Polimi\Mobile Applications\Ultimate Tic Tac Toe\Ultimate-Tic-Tac-Toe\src\SettingsScreen\ThemePicker.js">
        <metrics statements="15" coveredstatements="15" conditionals="10" coveredconditionals="5" methods="3" coveredmethods="3"/>
        <line num="15" count="1" type="stmt"/>
        <line num="16" count="17" type="stmt"/>
        <line num="17" count="17" type="stmt"/>
        <line num="18" count="17" type="stmt"/>
        <line num="19" count="17" type="stmt"/>
        <line num="20" count="17" type="cond" truecount="1" falsecount="1"/>
        <line num="23" count="17" type="stmt"/>
        <line num="24" count="1" type="cond" truecount="1" falsecount="1"/>
        <line num="25" count="1" type="stmt"/>
        <line num="26" count="1" type="stmt"/>
        <line num="27" count="1" type="stmt"/>
        <line num="28" count="1" type="stmt"/>
        <line num="38" count="1" type="stmt"/>
        <line num="42" count="17" type="stmt"/>
        <line num="59" count="1" type="stmt"/>
      </file>
    </package>
    <package name="Ultimate-Tic-Tac-Toe.src.StatisticsScreen">
      <metrics statements="55" coveredstatements="51" conditionals="40" coveredconditionals="29" methods="18" coveredmethods="15"/>
      <file name="ReplayScreen.js" path="C:\Users\jasm2\Documents\3er anno\Polimi\Mobile Applications\Ultimate Tic Tac Toe\Ultimate-Tic-Tac-Toe\src\StatisticsScreen\ReplayScreen.js">
        <metrics statements="14" coveredstatements="14" conditionals="4" coveredconditionals="4" methods="4" coveredmethods="3"/>
        <line num="13" count="1" type="stmt"/>
        <line num="14" count="7" type="stmt"/>
        <line num="15" count="7" type="stmt"/>
        <line num="16" count="7" type="stmt"/>
        <line num="18" count="7" type="stmt"/>
        <line num="26" count="2" type="stmt"/>
        <line num="27" count="2" type="stmt"/>
        <line num="28" count="2" type="stmt"/>
        <line num="29" count="2" type="stmt"/>
        <line num="40" count="1" type="stmt"/>
        <line num="41" count="1" type="stmt"/>
        <line num="42" count="1" type="stmt"/>
        <line num="43" count="1" type="stmt"/>
        <line num="59" count="1" type="stmt"/>
      </file>
      <file name="StatisticsScreen.js" path="C:\Users\jasm2\Documents\3er anno\Polimi\Mobile Applications\Ultimate Tic Tac Toe\Ultimate-Tic-Tac-Toe\src\StatisticsScreen\StatisticsScreen.js">
        <metrics statements="41" coveredstatements="37" conditionals="36" coveredconditionals="25" methods="14" coveredmethods="12"/>
        <line num="15" count="1" type="stmt"/>
        <line num="16" count="15" type="stmt"/>
        <line num="17" count="15" type="stmt"/>
        <line num="19" count="15" type="stmt"/>
        <line num="20" count="15" type="stmt"/>
        <line num="21" count="15" type="stmt"/>
        <line num="23" count="15" type="stmt"/>
        <line num="24" count="15" type="cond" truecount="1" falsecount="1"/>
        <line num="25" count="15" type="cond" truecount="1" falsecount="1"/>
        <line num="26" count="15" type="cond" truecount="1" falsecount="1"/>
        <line num="27" count="15" type="cond" truecount="1" falsecount="1"/>
        <line num="28" count="15" type="cond" truecount="1" falsecount="1"/>
        <line num="31" count="15" type="stmt"/>
        <line num="32" count="6" type="stmt"/>
        <line num="33" count="6" type="stmt"/>
        <line num="34" count="6" type="stmt"/>
        <line num="35" count="6" type="cond" truecount="2" falsecount="0"/>
        <line num="36" count="10" type="stmt"/>
        <line num="38" count="6" type="cond" truecount="2" falsecount="0"/>
        <line num="41" count="0" type="stmt"/>
        <line num="42" count="0" type="stmt"/>
        <line num="46" count="15" type="stmt"/>
        <line num="49" count="6" type="stmt"/>
        <line num="52" count="6" type="stmt"/>
        <line num="53" count="0" type="stmt"/>
        <line num="57" count="6" type="stmt"/>
        <line num="62" count="15" type="stmt"/>
        <line num="63" count="3" type="stmt"/>
        <line num="64" count="3" type="cond" truecount="1" falsecount="1"/>
        <line num="67" count="15" type="stmt"/>
        <line num="68" count="16" type="stmt"/>
        <line num="69" count="16" type="stmt"/>
        <line num="71" count="16" type="stmt"/>
        <line num="78" count="3" type="stmt"/>
        <line num="117" count="1" type="stmt"/>
        <line num="127" count="15" type="stmt"/>
        <line num="152" count="16" type="stmt"/>
        <line num="160" count="16" type="stmt"/>
        <line num="173" count="21" type="stmt"/>
        <line num="180" count="0" type="stmt"/>
        <line num="188" count="1" type="stmt"/>
      </file>
    </package>
    <package name="Ultimate-Tic-Tac-Toe.src.styles.colorsPalettes">
      <metrics statements="0" coveredstatements="0" conditionals="0" coveredconditionals="0" methods="0" coveredmethods="0"/>
      <file name="ColorsPalette.js" path="C:\Users\jasm2\Documents\3er anno\Polimi\Mobile Applications\Ultimate Tic Tac Toe\Ultimate-Tic-Tac-Toe\src\styles\colorsPalettes\ColorsPalette.js">
        <metrics statements="0" coveredstatements="0" conditionals="0" coveredconditionals="0" methods="0" coveredmethods="0"/>
      </file>
      <file name="ColorsPaletteSoft.js" path="C:\Users\jasm2\Documents\3er anno\Polimi\Mobile Applications\Ultimate Tic Tac Toe\Ultimate-Tic-Tac-Toe\src\styles\colorsPalettes\ColorsPaletteSoft.js">
        <metrics statements="0" coveredstatements="0" conditionals="0" coveredconditionals="0" methods="0" coveredmethods="0"/>
      </file>
    </package>
    <package name="Ultimate-Tic-Tac-Toe.src.styles.contexts">
      <metrics statements="2" coveredstatements="0" conditionals="0" coveredconditionals="0" methods="0" coveredmethods="0"/>
      <file name="ColorContext.js" path="C:\Users\jasm2\Documents\3er anno\Polimi\Mobile Applications\Ultimate Tic Tac Toe\Ultimate-Tic-Tac-Toe\src\styles\contexts\ColorContext.js">
        <metrics statements="1" coveredstatements="0" conditionals="0" coveredconditionals="0" methods="0" coveredmethods="0"/>
        <line num="3" count="0" type="stmt"/>
      </file>
      <file name="ThemeContext.js" path="C:\Users\jasm2\Documents\3er anno\Polimi\Mobile Applications\Ultimate Tic Tac Toe\Ultimate-Tic-Tac-Toe\src\styles\contexts\ThemeContext.js">
        <metrics statements="1" coveredstatements="0" conditionals="0" coveredconditionals="0" methods="0" coveredmethods="0"/>
        <line num="3" count="0" type="stmt"/>
      </file>
    </package>
    <package name="Ultimate-Tic-Tac-Toe.src.styles.themes">
      <metrics statements="2" coveredstatements="0" conditionals="0" coveredconditionals="0" methods="0" coveredmethods="0"/>
      <file name="MyDarkTheme.js" path="C:\Users\jasm2\Documents\3er anno\Polimi\Mobile Applications\Ultimate Tic Tac Toe\Ultimate-Tic-Tac-Toe\src\styles\themes\MyDarkTheme.js">
        <metrics statements="1" coveredstatements="0" conditionals="0" coveredconditionals="0" methods="0" coveredmethods="0"/>
        <line num="2" count="0" type="stmt"/>
      </file>
      <file name="MyLightTheme.js" path="C:\Users\jasm2\Documents\3er anno\Polimi\Mobile Applications\Ultimate Tic Tac Toe\Ultimate-Tic-Tac-Toe\src\styles\themes\MyLightTheme.js">
        <metrics statements="1" coveredstatements="0" conditionals="0" coveredconditionals="0" methods="0" coveredmethods="0"/>
        <line num="4" count="0" type="stmt"/>
      </file>
    </package>
  </project>
</coverage>
