<?xml version="1.0" encoding="UTF-8"?>
<coverage generated="1707370818125" clover="3.2.0">
  <project timestamp="1707370818125" name="All files">
    <metrics statements="694" coveredstatements="241" conditionals="347" coveredconditionals="112" methods="172" coveredmethods="64" elements="1213" coveredelements="417" complexity="0" loc="694" ncloc="694" packages="13" files="32" classes="32"/>
    <package name="Ultimate-Tic-Tac-Toe">
      <metrics statements="92" coveredstatements="0" conditionals="35" coveredconditionals="0" methods="24" coveredmethods="0"/>
      <file name="App.js" path="C:\Users\jasm2\Documents\3er anno\Polimi\Mobile Applications\Ultimate Tic Tac Toe\Ultimate-Tic-Tac-Toe\App.js">
        <metrics statements="13" coveredstatements="0" conditionals="2" coveredconditionals="0" methods="4" coveredmethods="0"/>
        <line num="8" count="0" type="stmt"/>
        <line num="14" count="0" type="stmt"/>
        <line num="15" count="0" type="stmt"/>
        <line num="20" count="0" type="stmt"/>
        <line num="21" count="0" type="stmt"/>
        <line num="23" count="0" type="stmt"/>
        <line num="24" count="0" type="stmt"/>
        <line num="25" count="0" type="stmt"/>
        <line num="26" count="0" type="stmt"/>
        <line num="29" count="0" type="stmt"/>
        <line num="32" count="0" type="cond" truecount="0" falsecount="2"/>
        <line num="33" count="0" type="stmt"/>
        <line num="36" count="0" type="stmt"/>
      </file>
      <file name="RulesScreen.js" path="C:\Users\jasm2\Documents\3er anno\Polimi\Mobile Applications\Ultimate Tic Tac Toe\Ultimate-Tic-Tac-Toe\RulesScreen.js">
        <metrics statements="15" coveredstatements="0" conditionals="6" coveredconditionals="0" methods="5" coveredmethods="0"/>
        <line num="12" count="0" type="stmt"/>
        <line num="13" count="0" type="stmt"/>
        <line num="18" count="0" type="stmt"/>
        <line num="19" count="0" type="stmt"/>
        <line num="20" count="0" type="stmt"/>
        <line num="21" count="0" type="stmt"/>
        <line num="23" count="0" type="cond" truecount="0" falsecount="2"/>
        <line num="24" count="0" type="cond" truecount="0" falsecount="2"/>
        <line num="25" count="0" type="cond" truecount="0" falsecount="2"/>
        <line num="28" count="0" type="stmt"/>
        <line num="39" count="0" type="stmt"/>
        <line num="41" count="0" type="stmt"/>
        <line num="49" count="0" type="stmt"/>
        <line num="67" count="0" type="stmt"/>
        <line num="74" count="0" type="stmt"/>
      </file>
      <file name="TutorialScreen.js" path="C:\Users\jasm2\Documents\3er anno\Polimi\Mobile Applications\Ultimate Tic Tac Toe\Ultimate-Tic-Tac-Toe\TutorialScreen.js">
        <metrics statements="59" coveredstatements="0" conditionals="27" coveredconditionals="0" methods="15" coveredmethods="0"/>
        <line num="19" count="0" type="stmt"/>
        <line num="20" count="0" type="stmt"/>
        <line num="24" count="0" type="stmt"/>
        <line num="25" count="0" type="stmt"/>
        <line num="26" count="0" type="cond" truecount="0" falsecount="2"/>
        <line num="28" count="0" type="stmt"/>
        <line num="29" count="0" type="stmt"/>
        <line num="30" count="0" type="stmt"/>
        <line num="32" count="0" type="stmt"/>
        <line num="33" count="0" type="stmt"/>
        <line num="34" count="0" type="stmt"/>
        <line num="35" count="0" type="stmt"/>
        <line num="37" count="0" type="stmt"/>
        <line num="38" count="0" type="stmt"/>
        <line num="40" count="0" type="stmt"/>
        <line num="41" count="0" type="stmt"/>
        <line num="58" count="0" type="stmt"/>
        <line num="60" count="0" type="stmt"/>
        <line num="61" count="0" type="stmt"/>
        <line num="62" count="0" type="stmt"/>
        <line num="63" count="0" type="stmt"/>
        <line num="66" count="0" type="stmt"/>
        <line num="70" count="0" type="cond" truecount="0" falsecount="2"/>
        <line num="71" count="0" type="stmt"/>
        <line num="74" count="0" type="stmt"/>
        <line num="76" count="0" type="cond" truecount="0" falsecount="2"/>
        <line num="77" count="0" type="stmt"/>
        <line num="79" count="0" type="cond" truecount="0" falsecount="2"/>
        <line num="80" count="0" type="stmt"/>
        <line num="81" count="0" type="stmt"/>
        <line num="87" count="0" type="stmt"/>
        <line num="88" count="0" type="cond" truecount="0" falsecount="2"/>
        <line num="89" count="0" type="stmt"/>
        <line num="92" count="0" type="stmt"/>
        <line num="99" count="0" type="stmt"/>
        <line num="101" count="0" type="stmt"/>
        <line num="103" count="0" type="cond" truecount="0" falsecount="2"/>
        <line num="105" count="0" type="stmt"/>
        <line num="109" count="0" type="stmt"/>
        <line num="112" count="0" type="cond" truecount="0" falsecount="2"/>
        <line num="113" count="0" type="stmt"/>
        <line num="114" count="0" type="stmt"/>
        <line num="117" count="0" type="cond" truecount="0" falsecount="5"/>
        <line num="118" count="0" type="stmt"/>
        <line num="119" count="0" type="stmt"/>
        <line num="122" count="0" type="cond" truecount="0" falsecount="2"/>
        <line num="123" count="0" type="stmt"/>
        <line num="125" count="0" type="stmt"/>
        <line num="130" count="0" type="stmt"/>
        <line num="131" count="0" type="stmt"/>
        <line num="132" count="0" type="stmt"/>
        <line num="133" count="0" type="stmt"/>
        <line num="134" count="0" type="stmt"/>
        <line num="135" count="0" type="stmt"/>
        <line num="139" count="0" type="stmt"/>
        <line num="140" count="0" type="cond" truecount="0" falsecount="2"/>
        <line num="141" count="0" type="stmt"/>
        <line num="171" count="0" type="stmt"/>
        <line num="185" count="0" type="stmt"/>
      </file>
      <file name="metro.config.js" path="C:\Users\jasm2\Documents\3er anno\Polimi\Mobile Applications\Ultimate Tic Tac Toe\Ultimate-Tic-Tac-Toe\metro.config.js">
        <metrics statements="4" coveredstatements="0" conditionals="0" coveredconditionals="0" methods="0" coveredmethods="0"/>
        <line num="1" count="0" type="stmt"/>
        <line num="3" count="0" type="stmt"/>
        <line num="4" count="0" type="stmt"/>
        <line num="6" count="0" type="stmt"/>
      </file>
      <file name="react-native.config.js" path="C:\Users\jasm2\Documents\3er anno\Polimi\Mobile Applications\Ultimate Tic Tac Toe\Ultimate-Tic-Tac-Toe\react-native.config.js">
        <metrics statements="1" coveredstatements="0" conditionals="0" coveredconditionals="0" methods="0" coveredmethods="0"/>
        <line num="1" count="0" type="stmt"/>
      </file>
    </package>
    <package name="Ultimate-Tic-Tac-Toe.AppLogic">
      <metrics statements="57" coveredstatements="0" conditionals="32" coveredconditionals="0" methods="11" coveredmethods="0"/>
      <file name="NavigationLogic.js" path="C:\Users\jasm2\Documents\3er anno\Polimi\Mobile Applications\Ultimate Tic Tac Toe\Ultimate-Tic-Tac-Toe\AppLogic\NavigationLogic.js">
        <metrics statements="25" coveredstatements="0" conditionals="20" coveredconditionals="0" methods="6" coveredmethods="0"/>
        <line num="22" count="0" type="stmt"/>
        <line num="23" count="0" type="stmt"/>
        <line num="27" count="0" type="stmt"/>
        <line num="31" count="0" type="stmt"/>
        <line num="37" count="0" type="stmt"/>
        <line num="38" count="0" type="stmt"/>
        <line num="39" count="0" type="stmt"/>
        <line num="40" count="0" type="cond" truecount="0" falsecount="2"/>
        <line num="41" count="0" type="cond" truecount="0" falsecount="2"/>
        <line num="42" count="0" type="stmt"/>
        <line num="43" count="0" type="stmt"/>
        <line num="44" count="0" type="stmt"/>
        <line num="47" count="0" type="cond" truecount="0" falsecount="2"/>
        <line num="48" count="0" type="cond" truecount="0" falsecount="2"/>
        <line num="49" count="0" type="cond" truecount="0" falsecount="2"/>
        <line num="50" count="0" type="cond" truecount="0" falsecount="2"/>
        <line num="52" count="0" type="cond" truecount="0" falsecount="2"/>
        <line num="53" count="0" type="cond" truecount="0" falsecount="2"/>
        <line num="55" count="0" type="cond" truecount="0" falsecount="2"/>
        <line num="56" count="0" type="cond" truecount="0" falsecount="2"/>
        <line num="58" count="0" type="stmt"/>
        <line num="78" count="0" type="stmt"/>
        <line num="80" count="0" type="stmt"/>
        <line num="89" count="0" type="stmt"/>
        <line num="90" count="0" type="stmt"/>
      </file>
      <file name="ThemeLogic.js" path="C:\Users\jasm2\Documents\3er anno\Polimi\Mobile Applications\Ultimate Tic Tac Toe\Ultimate-Tic-Tac-Toe\AppLogic\ThemeLogic.js">
        <metrics statements="32" coveredstatements="0" conditionals="12" coveredconditionals="0" methods="5" coveredmethods="0"/>
        <line num="13" count="0" type="stmt"/>
        <line num="15" count="0" type="stmt"/>
        <line num="16" count="0" type="stmt"/>
        <line num="17" count="0" type="stmt"/>
        <line num="18" count="0" type="stmt"/>
        <line num="19" count="0" type="stmt"/>
        <line num="20" count="0" type="stmt"/>
        <line num="21" count="0" type="stmt"/>
        <line num="22" count="0" type="cond" truecount="0" falsecount="2"/>
        <line num="23" count="0" type="stmt"/>
        <line num="27" count="0" type="cond" truecount="0" falsecount="2"/>
        <line num="28" count="0" type="stmt"/>
        <line num="32" count="0" type="stmt"/>
        <line num="33" count="0" type="stmt"/>
        <line num="37" count="0" type="stmt"/>
        <line num="40" count="0" type="stmt"/>
        <line num="42" count="0" type="cond" truecount="0" falsecount="2"/>
        <line num="43" count="0" type="stmt"/>
        <line num="44" count="0" type="stmt"/>
        <line num="46" count="0" type="cond" truecount="0" falsecount="2"/>
        <line num="47" count="0" type="stmt"/>
        <line num="49" count="0" type="stmt"/>
        <line num="51" count="0" type="stmt"/>
        <line num="52" count="0" type="stmt"/>
        <line num="53" count="0" type="stmt"/>
        <line num="54" count="0" type="stmt"/>
        <line num="55" count="0" type="cond" truecount="0" falsecount="2"/>
        <line num="56" count="0" type="stmt"/>
        <line num="60" count="0" type="stmt"/>
        <line num="61" count="0" type="stmt"/>
        <line num="65" count="0" type="stmt"/>
        <line num="70" count="0" type="stmt"/>
      </file>
    </package>
    <package name="Ultimate-Tic-Tac-Toe.Firebase">
      <metrics statements="4" coveredstatements="0" conditionals="0" coveredconditionals="0" methods="0" coveredmethods="0"/>
      <file name="firebaseConfig.js" path="C:\Users\jasm2\Documents\3er anno\Polimi\Mobile Applications\Ultimate Tic Tac Toe\Ultimate-Tic-Tac-Toe\Firebase\firebaseConfig.js">
        <metrics statements="4" coveredstatements="0" conditionals="0" coveredconditionals="0" methods="0" coveredmethods="0"/>
        <line num="15" count="0" type="stmt"/>
        <line num="26" count="0" type="stmt"/>
        <line num="27" count="0" type="stmt"/>
        <line num="28" count="0" type="stmt"/>
      </file>
    </package>
    <package name="Ultimate-Tic-Tac-Toe.GameLogic">
      <metrics statements="183" coveredstatements="146" conditionals="97" coveredconditionals="64" methods="41" coveredmethods="37"/>
      <file name="Game.js" path="C:\Users\jasm2\Documents\3er anno\Polimi\Mobile Applications\Ultimate Tic Tac Toe\Ultimate-Tic-Tac-Toe\GameLogic\Game.js">
        <metrics statements="112" coveredstatements="80" conditionals="75" coveredconditionals="50" methods="17" coveredmethods="15"/>
        <line num="6" count="5152" type="stmt"/>
        <line num="7" count="5152" type="stmt"/>
        <line num="8" count="5152" type="stmt"/>
        <line num="9" count="5152" type="stmt"/>
        <line num="10" count="5152" type="stmt"/>
        <line num="11" count="5152" type="stmt"/>
        <line num="12" count="5152" type="stmt"/>
        <line num="13" count="5152" type="stmt"/>
        <line num="14" count="5152" type="stmt"/>
        <line num="18" count="12" type="stmt"/>
        <line num="19" count="108" type="stmt"/>
        <line num="20" count="12" type="stmt"/>
        <line num="21" count="12" type="stmt"/>
        <line num="22" count="12" type="stmt"/>
        <line num="23" count="12" type="stmt"/>
        <line num="24" count="12" type="stmt"/>
        <line num="25" count="12" type="stmt"/>
        <line num="26" count="12" type="stmt"/>
        <line num="27" count="12" type="stmt"/>
        <line num="28" count="12" type="stmt"/>
        <line num="29" count="12" type="stmt"/>
        <line num="33" count="41623" type="cond" truecount="2" falsecount="0"/>
        <line num="37" count="30078" type="stmt"/>
        <line num="38" count="84168" type="cond" truecount="2" falsecount="0"/>
        <line num="43" count="2640" type="stmt"/>
        <line num="46" count="81528" type="cond" truecount="2" falsecount="0"/>
        <line num="51" count="2359" type="stmt"/>
        <line num="55" count="25079" type="cond" truecount="2" falsecount="0"/>
        <line num="59" count="1083" type="stmt"/>
        <line num="62" count="23996" type="stmt"/>
        <line num="67" count="708" type="stmt"/>
        <line num="68" count="708" type="stmt"/>
        <line num="69" count="708" type="cond" truecount="2" falsecount="0"/>
        <line num="72" count="97" type="stmt"/>
        <line num="73" count="873" type="stmt"/>
        <line num="74" count="7857" type="cond" truecount="4" falsecount="0"/>
        <line num="75" count="1789" type="stmt"/>
        <line num="82" count="611" type="stmt"/>
        <line num="83" count="5499" type="cond" truecount="2" falsecount="0"/>
        <line num="84" count="3429" type="stmt"/>
        <line num="89" count="708" type="stmt"/>
        <line num="95" count="5781" type="cond" truecount="4" falsecount="1"/>
        <line num="97" count="0" type="stmt"/>
        <line num="101" count="5781" type="cond" truecount="1" falsecount="1"/>
        <line num="102" count="0" type="stmt"/>
        <line num="104" count="5781" type="stmt"/>
        <line num="106" count="5781" type="stmt"/>
        <line num="109" count="5781" type="cond" truecount="2" falsecount="0"/>
        <line num="110" count="700" type="stmt"/>
        <line num="114" count="5781" type="cond" truecount="2" falsecount="0"/>
        <line num="115" count="478" type="stmt"/>
        <line num="119" count="5781" type="cond" truecount="2" falsecount="0"/>
        <line num="120" count="50" type="stmt"/>
        <line num="122" count="50" type="stmt"/>
        <line num="126" count="5781" type="stmt"/>
        <line num="127" count="5781" type="cond" truecount="2" falsecount="0"/>
        <line num="128" count="5781" type="cond" truecount="2" falsecount="0"/>
        <line num="129" count="5781" type="stmt"/>
        <line num="130" count="5781" type="stmt"/>
        <line num="132" count="5781" type="stmt"/>
        <line num="136" count="1" type="stmt"/>
        <line num="137" count="1" type="cond" truecount="1" falsecount="1"/>
        <line num="138" count="1" type="stmt"/>
        <line num="141" count="0" type="stmt"/>
        <line num="142" count="0" type="stmt"/>
        <line num="143" count="0" type="stmt"/>
        <line num="149" count="11863" type="cond" truecount="2" falsecount="0"/>
        <line num="153" count="71" type="stmt"/>
        <line num="154" count="71" type="cond" truecount="2" falsecount="0"/>
        <line num="155" count="12" type="cond" truecount="2" falsecount="0"/>
        <line num="157" count="59" type="stmt"/>
        <line num="161" count="45927" type="stmt"/>
        <line num="162" count="5103" type="stmt"/>
        <line num="163" count="5103" type="stmt"/>
        <line num="164" count="5103" type="stmt"/>
        <line num="165" count="5103" type="stmt"/>
        <line num="166" count="5103" type="stmt"/>
        <line num="167" count="5103" type="stmt"/>
        <line num="168" count="5103" type="stmt"/>
        <line num="169" count="5103" type="stmt"/>
        <line num="170" count="5103" type="stmt"/>
        <line num="171" count="5103" type="stmt"/>
        <line num="172" count="5103" type="stmt"/>
        <line num="173" count="5103" type="stmt"/>
        <line num="174" count="5103" type="stmt"/>
        <line num="178" count="0" type="cond" truecount="0" falsecount="2"/>
        <line num="179" count="0" type="stmt"/>
        <line num="181" count="0" type="stmt"/>
        <line num="182" count="0" type="stmt"/>
        <line num="183" count="0" type="stmt"/>
        <line num="186" count="0" type="cond" truecount="0" falsecount="2"/>
        <line num="187" count="0" type="stmt"/>
        <line num="191" count="0" type="cond" truecount="0" falsecount="4"/>
        <line num="192" count="0" type="stmt"/>
        <line num="195" count="0" type="stmt"/>
        <line num="198" count="0" type="cond" truecount="0" falsecount="2"/>
        <line num="199" count="0" type="cond" truecount="0" falsecount="2"/>
        <line num="200" count="0" type="stmt"/>
        <line num="201" count="0" type="stmt"/>
        <line num="206" count="0" type="cond" truecount="0" falsecount="2"/>
        <line num="207" count="0" type="stmt"/>
        <line num="209" count="0" type="stmt"/>
        <line num="210" count="0" type="stmt"/>
        <line num="211" count="0" type="stmt"/>
        <line num="214" count="0" type="cond" truecount="0" falsecount="2"/>
        <line num="215" count="0" type="stmt"/>
        <line num="219" count="0" type="cond" truecount="0" falsecount="2"/>
        <line num="220" count="0" type="stmt"/>
        <line num="223" count="0" type="stmt"/>
        <line num="226" count="0" type="cond" truecount="0" falsecount="2"/>
        <line num="227" count="0" type="cond" truecount="0" falsecount="2"/>
        <line num="228" count="0" type="stmt"/>
      </file>
      <file name="MonteCarloTreeSearch.js" path="C:\Users\jasm2\Documents\3er anno\Polimi\Mobile Applications\Ultimate Tic Tac Toe\Ultimate-Tic-Tac-Toe\GameLogic\MonteCarloTreeSearch.js">
        <metrics statements="71" coveredstatements="66" conditionals="22" coveredconditionals="14" methods="24" coveredmethods="22"/>
        <line num="2" count="1" type="stmt"/>
        <line num="5" count="12" type="stmt"/>
        <line num="6" count="12" type="stmt"/>
        <line num="7" count="12" type="stmt"/>
        <line num="8" count="12" type="stmt"/>
        <line num="9" count="12" type="stmt"/>
        <line num="10" count="12" type="stmt"/>
        <line num="14" count="10" type="stmt"/>
        <line num="19" count="0" type="stmt"/>
        <line num="20" count="0" type="stmt"/>
        <line num="21" count="0" type="cond" truecount="0" falsecount="2"/>
        <line num="22" count="0" type="cond" truecount="0" falsecount="2"/>
        <line num="27" count="10" type="stmt"/>
        <line num="28" count="10" type="stmt"/>
        <line num="29" count="10" type="stmt"/>
        <line num="35" count="2" type="stmt"/>
        <line num="37" count="2" type="stmt"/>
        <line num="38" count="10" type="stmt"/>
        <line num="41" count="10" type="cond" truecount="2" falsecount="0"/>
        <line num="42" count="0" type="stmt"/>
        <line num="46" count="10" type="cond" truecount="1" falsecount="1"/>
        <line num="47" count="10" type="stmt"/>
        <line num="48" count="160" type="stmt"/>
        <line num="49" count="10" type="stmt"/>
        <line num="50" count="10" type="stmt"/>
        <line num="51" count="10" type="stmt"/>
        <line num="52" count="10" type="stmt"/>
        <line num="56" count="10" type="stmt"/>
        <line num="59" count="10" type="stmt"/>
        <line num="61" count="10" type="cond" truecount="2" falsecount="0"/>
        <line num="62" count="6" type="stmt"/>
        <line num="63" count="6" type="stmt"/>
        <line num="67" count="10" type="cond" truecount="2" falsecount="0"/>
        <line num="68" count="2" type="stmt"/>
        <line num="72" count="10" type="stmt"/>
        <line num="73" count="10" type="stmt"/>
        <line num="75" count="10" type="stmt"/>
        <line num="76" count="688" type="stmt"/>
        <line num="77" count="5058" type="stmt"/>
        <line num="78" count="11016" type="stmt"/>
        <line num="79" count="688" type="stmt"/>
        <line num="81" count="688" type="stmt"/>
        <line num="84" count="10" type="stmt"/>
        <line num="85" count="10" type="cond" truecount="2" falsecount="2"/>
        <line num="90" count="5058" type="stmt"/>
        <line num="91" count="5058" type="stmt"/>
        <line num="93" count="5058" type="stmt"/>
        <line num="94" count="5058" type="stmt"/>
        <line num="97" count="5058" type="stmt"/>
        <line num="98" count="5058" type="stmt"/>
        <line num="99" count="5058" type="cond" truecount="2" falsecount="0"/>
        <line num="101" count="5058" type="stmt"/>
        <line num="106" count="10116" type="stmt"/>
        <line num="107" count="91044" type="stmt"/>
        <line num="108" count="91044" type="stmt"/>
        <line num="111" count="10116" type="stmt"/>
        <line num="116" count="91044" type="stmt"/>
        <line num="127" count="967774" type="stmt"/>
        <line num="132" count="5058" type="stmt"/>
        <line num="133" count="5058" type="stmt"/>
        <line num="138" count="10" type="stmt"/>
        <line num="139" count="20" type="stmt"/>
        <line num="140" count="20" type="stmt"/>
        <line num="141" count="20" type="stmt"/>
        <line num="148" count="20" type="stmt"/>
        <line num="151" count="20" type="stmt"/>
        <line num="154" count="20" type="stmt"/>
        <line num="155" count="20" type="stmt"/>
        <line num="160" count="50" type="cond" truecount="1" falsecount="1"/>
        <line num="161" count="50" type="stmt"/>
        <line num="162" count="50" type="stmt"/>
      </file>
    </package>
    <package name="Ultimate-Tic-Tac-Toe.GamePlayScreen">
      <metrics statements="83" coveredstatements="69" conditionals="47" coveredconditionals="36" methods="19" coveredmethods="16"/>
      <file name="BigBoard.js" path="C:\Users\jasm2\Documents\3er anno\Polimi\Mobile Applications\Ultimate Tic Tac Toe\Ultimate-Tic-Tac-Toe\GamePlayScreen\BigBoard.js">
        <metrics statements="9" coveredstatements="9" conditionals="2" coveredconditionals="2" methods="3" coveredmethods="3"/>
        <line num="6" count="1" type="stmt"/>
        <line num="7" count="37" type="stmt"/>
        <line num="10" count="109" type="stmt"/>
        <line num="12" count="325" type="stmt"/>
        <line num="29" count="1" type="stmt"/>
        <line num="30" count="1" type="stmt"/>
        <line num="31" count="1" type="stmt"/>
        <line num="32" count="1" type="stmt"/>
        <line num="34" count="1" type="stmt"/>
      </file>
      <file name="Cell.js" path="C:\Users\jasm2\Documents\3er anno\Polimi\Mobile Applications\Ultimate Tic Tac Toe\Ultimate-Tic-Tac-Toe\GamePlayScreen\Cell.js">
        <metrics statements="7" coveredstatements="7" conditionals="11" coveredconditionals="11" methods="1" coveredmethods="1"/>
        <line num="9" count="1" type="stmt"/>
        <line num="10" count="2693" type="stmt"/>
        <line num="11" count="2693" type="stmt"/>
        <line num="12" count="2693" type="cond" truecount="4" falsecount="0"/>
        <line num="13" count="2692" type="cond" truecount="4" falsecount="0"/>
        <line num="14" count="2692" type="stmt"/>
        <line num="21" count="1" type="stmt"/>
      </file>
      <file name="GamePlayScreen.js" path="C:\Users\jasm2\Documents\3er anno\Polimi\Mobile Applications\Ultimate Tic Tac Toe\Ultimate-Tic-Tac-Toe\GamePlayScreen\GamePlayScreen.js">
        <metrics statements="45" coveredstatements="35" conditionals="20" coveredconditionals="13" methods="7" coveredmethods="6"/>
        <line num="20" count="1" type="stmt"/>
        <line num="22" count="36" type="stmt"/>
        <line num="24" count="36" type="stmt"/>
        <line num="25" count="36" type="stmt"/>
        <line num="26" count="36" type="stmt"/>
        <line num="27" count="36" type="stmt"/>
        <line num="29" count="36" type="stmt"/>
        <line num="31" count="36" type="stmt"/>
        <line num="32" count="36" type="cond" truecount="1" falsecount="1"/>
        <line num="34" count="36" type="stmt"/>
        <line num="36" count="25" type="stmt"/>
        <line num="38" count="25" type="cond" truecount="1" falsecount="1"/>
        <line num="39" count="25" type="stmt"/>
        <line num="40" count="25" type="stmt"/>
        <line num="42" count="0" type="stmt"/>
        <line num="45" count="25" type="cond" truecount="2" falsecount="0"/>
        <line num="46" count="1" type="stmt"/>
        <line num="47" count="1" type="stmt"/>
        <line num="48" count="1" type="stmt"/>
        <line num="49" count="1" type="stmt"/>
        <line num="52" count="24" type="cond" truecount="2" falsecount="0"/>
        <line num="53" count="2" type="stmt"/>
        <line num="57" count="36" type="stmt"/>
        <line num="58" count="2" type="stmt"/>
        <line num="59" count="2" type="stmt"/>
        <line num="60" count="2" type="stmt"/>
        <line num="61" count="2" type="stmt"/>
        <line num="62" count="2" type="stmt"/>
        <line num="63" count="2" type="stmt"/>
        <line num="67" count="36" type="stmt"/>
        <line num="69" count="7" type="cond" truecount="1" falsecount="1"/>
        <line num="70" count="0" type="stmt"/>
        <line num="71" count="0" type="stmt"/>
        <line num="72" count="0" type="stmt"/>
        <line num="73" count="0" type="cond" truecount="0" falsecount="2"/>
        <line num="74" count="0" type="stmt"/>
        <line num="76" count="0" type="stmt"/>
        <line num="77" count="0" type="stmt"/>
        <line num="81" count="0" type="stmt"/>
        <line num="83" count="7" type="cond" truecount="1" falsecount="1"/>
        <line num="84" count="0" type="stmt"/>
        <line num="88" count="36" type="stmt"/>
        <line num="89" count="36" type="cond" truecount="2" falsecount="0"/>
        <line num="90" count="36" type="stmt"/>
        <line num="105" count="1" type="stmt"/>
      </file>
      <file name="SmallBoard.js" path="C:\Users\jasm2\Documents\3er anno\Polimi\Mobile Applications\Ultimate Tic Tac Toe\Ultimate-Tic-Tac-Toe\GamePlayScreen\SmallBoard.js">
        <metrics statements="6" coveredstatements="6" conditionals="2" coveredconditionals="2" methods="4" coveredmethods="4"/>
        <line num="6" count="1" type="stmt"/>
        <line num="7" count="325" type="stmt"/>
        <line num="11" count="888" type="stmt"/>
        <line num="13" count="2664" type="stmt"/>
        <line num="20" count="25" type="stmt"/>
        <line num="41" count="1" type="stmt"/>
      </file>
      <file name="WinnerModal.js" path="C:\Users\jasm2\Documents\3er anno\Polimi\Mobile Applications\Ultimate Tic Tac Toe\Ultimate-Tic-Tac-Toe\GamePlayScreen\WinnerModal.js">
        <metrics statements="16" coveredstatements="12" conditionals="12" coveredconditionals="8" methods="4" coveredmethods="2"/>
        <line num="10" count="1" type="stmt"/>
        <line num="11" count="36" type="stmt"/>
        <line num="12" count="36" type="stmt"/>
        <line num="13" count="36" type="stmt"/>
        <line num="14" count="36" type="cond" truecount="1" falsecount="1"/>
        <line num="16" count="36" type="stmt"/>
        <line num="17" count="36" type="cond" truecount="1" falsecount="1"/>
        <line num="18" count="0" type="stmt"/>
        <line num="19" count="36" type="cond" truecount="2" falsecount="0"/>
        <line num="20" count="1" type="stmt"/>
        <line num="22" count="35" type="stmt"/>
        <line num="26" count="36" type="stmt"/>
        <line num="32" count="0" type="stmt"/>
        <line num="44" count="0" type="stmt"/>
        <line num="45" count="0" type="stmt"/>
        <line num="57" count="1" type="stmt"/>
      </file>
    </package>
    <package name="Ultimate-Tic-Tac-Toe.HomeScreen">
      <metrics statements="21" coveredstatements="20" conditionals="18" coveredconditionals="12" methods="10" coveredmethods="9"/>
      <file name="HomeScreen.js" path="C:\Users\jasm2\Documents\3er anno\Polimi\Mobile Applications\Ultimate Tic Tac Toe\Ultimate-Tic-Tac-Toe\HomeScreen\HomeScreen.js">
        <metrics statements="21" coveredstatements="20" conditionals="18" coveredconditionals="12" methods="10" coveredmethods="9"/>
        <line num="13" count="1" type="stmt"/>
        <line num="14" count="21" type="stmt"/>
        <line num="15" count="21" type="stmt"/>
        <line num="16" count="21" type="stmt"/>
        <line num="17" count="21" type="stmt"/>
        <line num="18" count="21" type="stmt"/>
        <line num="20" count="21" type="stmt"/>
        <line num="21" count="21" type="cond" truecount="1" falsecount="1"/>
        <line num="23" count="21" type="cond" truecount="1" falsecount="1"/>
        <line num="24" count="21" type="cond" truecount="1" falsecount="1"/>
        <line num="26" count="21" type="stmt"/>
        <line num="28" count="21" type="stmt"/>
        <line num="36" count="0" type="stmt"/>
        <line num="38" count="1" type="stmt"/>
        <line num="62" count="1" type="cond" truecount="1" falsecount="1"/>
        <line num="70" count="3" type="stmt"/>
        <line num="71" count="3" type="cond" truecount="2" falsecount="0"/>
        <line num="91" count="5" type="stmt"/>
        <line num="96" count="1" type="stmt"/>
        <line num="102" count="1" type="stmt"/>
        <line num="116" count="1" type="stmt"/>
      </file>
    </package>
    <package name="Ultimate-Tic-Tac-Toe.HomeScreen.homeComponents">
      <metrics statements="8" coveredstatements="6" conditionals="4" coveredconditionals="0" methods="3" coveredmethods="2"/>
      <file name="ButtonComponent.js" path="C:\Users\jasm2\Documents\3er anno\Polimi\Mobile Applications\Ultimate Tic Tac Toe\Ultimate-Tic-Tac-Toe\HomeScreen\homeComponents\ButtonComponent.js">
        <metrics statements="2" coveredstatements="2" conditionals="0" coveredconditionals="0" methods="1" coveredmethods="1"/>
        <line num="5" count="72" type="stmt"/>
        <line num="12" count="2" type="stmt"/>
      </file>
      <file name="HomeTitleComponent.js" path="C:\Users\jasm2\Documents\3er anno\Polimi\Mobile Applications\Ultimate Tic Tac Toe\Ultimate-Tic-Tac-Toe\HomeScreen\homeComponents\HomeTitleComponent.js">
        <metrics statements="4" coveredstatements="4" conditionals="0" coveredconditionals="0" methods="1" coveredmethods="1"/>
        <line num="7" count="1" type="stmt"/>
        <line num="8" count="21" type="stmt"/>
        <line num="10" count="21" type="stmt"/>
        <line num="22" count="1" type="stmt"/>
      </file>
      <file name="TabComponent.js" path="C:\Users\jasm2\Documents\3er anno\Polimi\Mobile Applications\Ultimate Tic Tac Toe\Ultimate-Tic-Tac-Toe\HomeScreen\homeComponents\TabComponent.js">
        <metrics statements="2" coveredstatements="0" conditionals="4" coveredconditionals="0" methods="1" coveredmethods="0"/>
        <line num="9" count="0" type="stmt"/>
        <line num="58" count="0" type="stmt"/>
      </file>
    </package>
    <package name="Ultimate-Tic-Tac-Toe.SettingsScreen">
      <metrics statements="157" coveredstatements="0" conditionals="70" coveredconditionals="0" methods="36" coveredmethods="0"/>
      <file name="ColorPicker.js" path="C:\Users\jasm2\Documents\3er anno\Polimi\Mobile Applications\Ultimate Tic Tac Toe\Ultimate-Tic-Tac-Toe\SettingsScreen\ColorPicker.js">
        <metrics statements="29" coveredstatements="0" conditionals="40" coveredconditionals="0" methods="8" coveredmethods="0"/>
        <line num="20" count="0" type="stmt"/>
        <line num="21" count="0" type="stmt"/>
        <line num="28" count="0" type="stmt"/>
        <line num="30" count="0" type="stmt"/>
        <line num="32" count="0" type="stmt"/>
        <line num="33" count="0" type="stmt"/>
        <line num="35" count="0" type="stmt"/>
        <line num="36" count="0" type="stmt"/>
        <line num="40" count="0" type="stmt"/>
        <line num="44" count="0" type="stmt"/>
        <line num="47" count="0" type="stmt"/>
        <line num="70" count="0" type="cond" truecount="0" falsecount="2"/>
        <line num="71" count="0" type="cond" truecount="0" falsecount="2"/>
        <line num="72" count="0" type="stmt"/>
        <line num="77" count="0" type="cond" truecount="0" falsecount="2"/>
        <line num="79" count="0" type="cond" truecount="0" falsecount="2"/>
        <line num="80" count="0" type="stmt"/>
        <line num="81" count="0" type="stmt"/>
        <line num="82" count="0" type="stmt"/>
        <line num="83" count="0" type="stmt"/>
        <line num="90" count="0" type="stmt"/>
        <line num="91" count="0" type="cond" truecount="0" falsecount="2"/>
        <line num="92" count="0" type="stmt"/>
        <line num="93" count="0" type="stmt"/>
        <line num="94" count="0" type="stmt"/>
        <line num="95" count="0" type="stmt"/>
        <line num="102" count="0" type="stmt"/>
        <line num="127" count="0" type="stmt"/>
        <line num="137" count="0" type="stmt"/>
      </file>
      <file name="ResetColorTheme.js" path="C:\Users\jasm2\Documents\3er anno\Polimi\Mobile Applications\Ultimate Tic Tac Toe\Ultimate-Tic-Tac-Toe\SettingsScreen\ResetColorTheme.js">
        <metrics statements="18" coveredstatements="0" conditionals="2" coveredconditionals="0" methods="3" coveredmethods="0"/>
        <line num="15" count="0" type="stmt"/>
        <line num="16" count="0" type="stmt"/>
        <line num="18" count="0" type="stmt"/>
        <line num="19" count="0" type="stmt"/>
        <line num="20" count="0" type="stmt"/>
        <line num="21" count="0" type="stmt"/>
        <line num="23" count="0" type="stmt"/>
        <line num="24" count="0" type="stmt"/>
        <line num="26" count="0" type="stmt"/>
        <line num="27" count="0" type="stmt"/>
        <line num="28" count="0" type="stmt"/>
        <line num="29" count="0" type="stmt"/>
        <line num="30" count="0" type="stmt"/>
        <line num="34" count="0" type="stmt"/>
        <line num="38" count="0" type="stmt"/>
        <line num="45" count="0" type="stmt"/>
        <line num="48" count="0" type="stmt"/>
        <line num="62" count="0" type="stmt"/>
      </file>
      <file name="SettingsScreen.js" path="C:\Users\jasm2\Documents\3er anno\Polimi\Mobile Applications\Ultimate Tic Tac Toe\Ultimate-Tic-Tac-Toe\SettingsScreen\SettingsScreen.js">
        <metrics statements="97" coveredstatements="0" conditionals="22" coveredconditionals="0" methods="22" coveredmethods="0"/>
        <line num="23" count="0" type="stmt"/>
        <line num="24" count="0" type="stmt"/>
        <line num="29" count="0" type="stmt"/>
        <line num="30" count="0" type="stmt"/>
        <line num="31" count="0" type="stmt"/>
        <line num="32" count="0" type="stmt"/>
        <line num="33" count="0" type="stmt"/>
        <line num="34" count="0" type="stmt"/>
        <line num="35" count="0" type="stmt"/>
        <line num="36" count="0" type="stmt"/>
        <line num="40" count="0" type="stmt"/>
        <line num="41" count="0" type="stmt"/>
        <line num="42" count="0" type="stmt"/>
        <line num="45" count="0" type="stmt"/>
        <line num="48" count="0" type="stmt"/>
        <line num="49" count="0" type="stmt"/>
        <line num="50" count="0" type="stmt"/>
        <line num="51" count="0" type="stmt"/>
        <line num="52" count="0" type="stmt"/>
        <line num="54" count="0" type="stmt"/>
        <line num="55" count="0" type="stmt"/>
        <line num="59" count="0" type="stmt"/>
        <line num="60" count="0" type="stmt"/>
        <line num="61" count="0" type="stmt"/>
        <line num="62" count="0" type="stmt"/>
        <line num="63" count="0" type="stmt"/>
        <line num="65" count="0" type="stmt"/>
        <line num="66" count="0" type="stmt"/>
        <line num="71" count="0" type="stmt"/>
        <line num="72" count="0" type="cond" truecount="0" falsecount="2"/>
        <line num="73" count="0" type="stmt"/>
        <line num="76" count="0" type="stmt"/>
        <line num="78" count="0" type="stmt"/>
        <line num="80" count="0" type="stmt"/>
        <line num="83" count="0" type="stmt"/>
        <line num="84" count="0" type="stmt"/>
        <line num="86" count="0" type="cond" truecount="0" falsecount="2"/>
        <line num="88" count="0" type="stmt"/>
        <line num="96" count="0" type="stmt"/>
        <line num="97" count="0" type="stmt"/>
        <line num="98" count="0" type="stmt"/>
        <line num="100" count="0" type="stmt"/>
        <line num="101" count="0" type="cond" truecount="0" falsecount="2"/>
        <line num="104" count="0" type="stmt"/>
        <line num="107" count="0" type="stmt"/>
        <line num="108" count="0" type="stmt"/>
        <line num="110" count="0" type="stmt"/>
        <line num="111" count="0" type="stmt"/>
        <line num="117" count="0" type="stmt"/>
        <line num="119" count="0" type="stmt"/>
        <line num="120" count="0" type="stmt"/>
        <line num="125" count="0" type="stmt"/>
        <line num="126" count="0" type="cond" truecount="0" falsecount="2"/>
        <line num="127" count="0" type="stmt"/>
        <line num="130" count="0" type="stmt"/>
        <line num="132" count="0" type="stmt"/>
        <line num="133" count="0" type="stmt"/>
        <line num="134" count="0" type="stmt"/>
        <line num="136" count="0" type="stmt"/>
        <line num="137" count="0" type="cond" truecount="0" falsecount="2"/>
        <line num="138" count="0" type="stmt"/>
        <line num="141" count="0" type="stmt"/>
        <line num="145" count="0" type="stmt"/>
        <line num="146" count="0" type="stmt"/>
        <line num="151" count="0" type="stmt"/>
        <line num="152" count="0" type="cond" truecount="0" falsecount="2"/>
        <line num="153" count="0" type="stmt"/>
        <line num="156" count="0" type="stmt"/>
        <line num="158" count="0" type="stmt"/>
        <line num="161" count="0" type="stmt"/>
        <line num="162" count="0" type="stmt"/>
        <line num="163" count="0" type="stmt"/>
        <line num="164" count="0" type="stmt"/>
        <line num="169" count="0" type="stmt"/>
        <line num="170" count="0" type="stmt"/>
        <line num="174" count="0" type="stmt"/>
        <line num="175" count="0" type="cond" truecount="0" falsecount="2"/>
        <line num="176" count="0" type="stmt"/>
        <line num="177" count="0" type="stmt"/>
        <line num="178" count="0" type="stmt"/>
        <line num="179" count="0" type="stmt"/>
        <line num="184" count="0" type="stmt"/>
        <line num="185" count="0" type="stmt"/>
        <line num="188" count="0" type="stmt"/>
        <line num="190" count="0" type="stmt"/>
        <line num="194" count="0" type="stmt"/>
        <line num="195" count="0" type="cond" truecount="0" falsecount="2"/>
        <line num="196" count="0" type="cond" truecount="0" falsecount="2"/>
        <line num="197" count="0" type="cond" truecount="0" falsecount="2"/>
        <line num="198" count="0" type="stmt"/>
        <line num="199" count="0" type="stmt"/>
        <line num="222" count="0" type="stmt"/>
        <line num="227" count="0" type="stmt"/>
        <line num="236" count="0" type="stmt"/>
        <line num="242" count="0" type="stmt"/>
        <line num="248" count="0" type="stmt"/>
        <line num="258" count="0" type="stmt"/>
      </file>
      <file name="ThemePicker.js" path="C:\Users\jasm2\Documents\3er anno\Polimi\Mobile Applications\Ultimate Tic Tac Toe\Ultimate-Tic-Tac-Toe\SettingsScreen\ThemePicker.js">
        <metrics statements="13" coveredstatements="0" conditionals="6" coveredconditionals="0" methods="3" coveredmethods="0"/>
        <line num="15" count="0" type="stmt"/>
        <line num="16" count="0" type="stmt"/>
        <line num="17" count="0" type="stmt"/>
        <line num="18" count="0" type="stmt"/>
        <line num="21" count="0" type="stmt"/>
        <line num="22" count="0" type="cond" truecount="0" falsecount="2"/>
        <line num="23" count="0" type="stmt"/>
        <line num="24" count="0" type="stmt"/>
        <line num="25" count="0" type="stmt"/>
        <line num="26" count="0" type="stmt"/>
        <line num="36" count="0" type="stmt"/>
        <line num="40" count="0" type="stmt"/>
        <line num="57" count="0" type="stmt"/>
      </file>
    </package>
    <package name="Ultimate-Tic-Tac-Toe.StatisticsScreen">
      <metrics statements="77" coveredstatements="0" conditionals="44" coveredconditionals="0" methods="25" coveredmethods="0"/>
      <file name="ReplayScreen.js" path="C:\Users\jasm2\Documents\3er anno\Polimi\Mobile Applications\Ultimate Tic Tac Toe\Ultimate-Tic-Tac-Toe\StatisticsScreen\ReplayScreen.js">
        <metrics statements="24" coveredstatements="0" conditionals="6" coveredconditionals="0" methods="7" coveredmethods="0"/>
        <line num="15" count="0" type="stmt"/>
        <line num="16" count="0" type="stmt"/>
        <line num="21" count="0" type="stmt"/>
        <line num="22" count="0" type="stmt"/>
        <line num="23" count="0" type="stmt"/>
        <line num="24" count="0" type="stmt"/>
        <line num="25" count="0" type="stmt"/>
        <line num="27" count="0" type="stmt"/>
        <line num="29" count="0" type="stmt"/>
        <line num="30" count="0" type="stmt"/>
        <line num="31" count="0" type="stmt"/>
        <line num="34" count="0" type="stmt"/>
        <line num="38" count="0" type="cond" truecount="0" falsecount="2"/>
        <line num="39" count="0" type="stmt"/>
        <line num="42" count="0" type="stmt"/>
        <line num="49" count="0" type="stmt"/>
        <line num="50" count="0" type="stmt"/>
        <line num="51" count="0" type="stmt"/>
        <line num="52" count="0" type="stmt"/>
        <line num="62" count="0" type="stmt"/>
        <line num="63" count="0" type="stmt"/>
        <line num="64" count="0" type="stmt"/>
        <line num="65" count="0" type="stmt"/>
        <line num="81" count="0" type="stmt"/>
      </file>
      <file name="StatisticsScreen.js" path="C:\Users\jasm2\Documents\3er anno\Polimi\Mobile Applications\Ultimate Tic Tac Toe\Ultimate-Tic-Tac-Toe\StatisticsScreen\StatisticsScreen.js">
        <metrics statements="53" coveredstatements="0" conditionals="38" coveredconditionals="0" methods="18" coveredmethods="0"/>
        <line num="16" count="0" type="stmt"/>
        <line num="17" count="0" type="stmt"/>
        <line num="22" count="0" type="stmt"/>
        <line num="23" count="0" type="stmt"/>
        <line num="24" count="0" type="stmt"/>
        <line num="25" count="0" type="stmt"/>
        <line num="27" count="0" type="stmt"/>
        <line num="28" count="0" type="stmt"/>
        <line num="29" count="0" type="stmt"/>
        <line num="31" count="0" type="stmt"/>
        <line num="32" count="0" type="cond" truecount="0" falsecount="2"/>
        <line num="33" count="0" type="cond" truecount="0" falsecount="2"/>
        <line num="34" count="0" type="cond" truecount="0" falsecount="2"/>
        <line num="35" count="0" type="cond" truecount="0" falsecount="2"/>
        <line num="36" count="0" type="cond" truecount="0" falsecount="2"/>
        <line num="38" count="0" type="stmt"/>
        <line num="40" count="0" type="stmt"/>
        <line num="41" count="0" type="stmt"/>
        <line num="42" count="0" type="stmt"/>
        <line num="45" count="0" type="stmt"/>
        <line num="50" count="0" type="stmt"/>
        <line num="51" count="0" type="stmt"/>
        <line num="52" count="0" type="stmt"/>
        <line num="53" count="0" type="cond" truecount="0" falsecount="2"/>
        <line num="54" count="0" type="stmt"/>
        <line num="56" count="0" type="cond" truecount="0" falsecount="2"/>
        <line num="58" count="0" type="stmt"/>
        <line num="62" count="0" type="stmt"/>
        <line num="63" count="0" type="stmt"/>
        <line num="64" count="0" type="stmt"/>
        <line num="65" count="0" type="stmt"/>
        <line num="68" count="0" type="stmt"/>
        <line num="71" count="0" type="stmt"/>
        <line num="74" count="0" type="stmt"/>
        <line num="75" count="0" type="stmt"/>
        <line num="79" count="0" type="stmt"/>
        <line num="83" count="0" type="cond" truecount="0" falsecount="2"/>
        <line num="84" count="0" type="stmt"/>
        <line num="87" count="0" type="stmt"/>
        <line num="88" count="0" type="stmt"/>
        <line num="89" count="0" type="cond" truecount="0" falsecount="2"/>
        <line num="92" count="0" type="stmt"/>
        <line num="93" count="0" type="stmt"/>
        <line num="94" count="0" type="stmt"/>
        <line num="96" count="0" type="stmt"/>
        <line num="104" count="0" type="stmt"/>
        <line num="143" count="0" type="stmt"/>
        <line num="153" count="0" type="stmt"/>
        <line num="178" count="0" type="stmt"/>
        <line num="186" count="0" type="stmt"/>
        <line num="199" count="0" type="stmt"/>
        <line num="206" count="0" type="stmt"/>
        <line num="214" count="0" type="stmt"/>
      </file>
    </package>
    <package name="Ultimate-Tic-Tac-Toe.plugins">
      <metrics statements="8" coveredstatements="0" conditionals="0" coveredconditionals="0" methods="3" coveredmethods="0"/>
      <file name="withDisableForcedDarkModeAndroid.js" path="C:\Users\jasm2\Documents\3er anno\Polimi\Mobile Applications\Ultimate Tic Tac Toe\Ultimate-Tic-Tac-Toe\plugins\withDisableForcedDarkModeAndroid.js">
        <metrics statements="8" coveredstatements="0" conditionals="0" coveredconditionals="0" methods="3" coveredmethods="0"/>
        <line num="5" count="0" type="stmt"/>
        <line num="8" count="0" type="stmt"/>
        <line num="15" count="0" type="stmt"/>
        <line num="18" count="0" type="stmt"/>
        <line num="19" count="0" type="stmt"/>
        <line num="20" count="0" type="stmt"/>
        <line num="21" count="0" type="stmt"/>
        <line num="25" count="0" type="stmt"/>
      </file>
    </package>
    <package name="Ultimate-Tic-Tac-Toe.styles.colorsPalettes">
      <metrics statements="0" coveredstatements="0" conditionals="0" coveredconditionals="0" methods="0" coveredmethods="0"/>
      <file name="ColorsPalette.js" path="C:\Users\jasm2\Documents\3er anno\Polimi\Mobile Applications\Ultimate Tic Tac Toe\Ultimate-Tic-Tac-Toe\styles\colorsPalettes\ColorsPalette.js">
        <metrics statements="0" coveredstatements="0" conditionals="0" coveredconditionals="0" methods="0" coveredmethods="0"/>
      </file>
      <file name="ColorsPaletteSoft.js" path="C:\Users\jasm2\Documents\3er anno\Polimi\Mobile Applications\Ultimate Tic Tac Toe\Ultimate-Tic-Tac-Toe\styles\colorsPalettes\ColorsPaletteSoft.js">
        <metrics statements="0" coveredstatements="0" conditionals="0" coveredconditionals="0" methods="0" coveredmethods="0"/>
      </file>
    </package>
    <package name="Ultimate-Tic-Tac-Toe.styles.contexts">
      <metrics statements="2" coveredstatements="0" conditionals="0" coveredconditionals="0" methods="0" coveredmethods="0"/>
      <file name="ColorContext.js" path="C:\Users\jasm2\Documents\3er anno\Polimi\Mobile Applications\Ultimate Tic Tac Toe\Ultimate-Tic-Tac-Toe\styles\contexts\ColorContext.js">
        <metrics statements="1" coveredstatements="0" conditionals="0" coveredconditionals="0" methods="0" coveredmethods="0"/>
        <line num="3" count="0" type="stmt"/>
      </file>
      <file name="ThemeContext.js" path="C:\Users\jasm2\Documents\3er anno\Polimi\Mobile Applications\Ultimate Tic Tac Toe\Ultimate-Tic-Tac-Toe\styles\contexts\ThemeContext.js">
        <metrics statements="1" coveredstatements="0" conditionals="0" coveredconditionals="0" methods="0" coveredmethods="0"/>
        <line num="3" count="0" type="stmt"/>
      </file>
    </package>
    <package name="Ultimate-Tic-Tac-Toe.styles.themes">
      <metrics statements="2" coveredstatements="0" conditionals="0" coveredconditionals="0" methods="0" coveredmethods="0"/>
      <file name="MyDarkTheme.js" path="C:\Users\jasm2\Documents\3er anno\Polimi\Mobile Applications\Ultimate Tic Tac Toe\Ultimate-Tic-Tac-Toe\styles\themes\MyDarkTheme.js">
        <metrics statements="1" coveredstatements="0" conditionals="0" coveredconditionals="0" methods="0" coveredmethods="0"/>
        <line num="2" count="0" type="stmt"/>
      </file>
      <file name="MyLightTheme.js" path="C:\Users\jasm2\Documents\3er anno\Polimi\Mobile Applications\Ultimate Tic Tac Toe\Ultimate-Tic-Tac-Toe\styles\themes\MyLightTheme.js">
        <metrics statements="1" coveredstatements="0" conditionals="0" coveredconditionals="0" methods="0" coveredmethods="0"/>
        <line num="4" count="0" type="stmt"/>
      </file>
    </package>
  </project>
</coverage>
