TN:
SF:App.js
FN:14,(anonymous_0)
FN:20,(anonymous_1)
FN:23,(anonymous_2)
FN:24,(anonymous_3)
FNF:4
FNH:0
FNDA:0,(anonymous_0)
FNDA:0,(anonymous_1)
FNDA:0,(anonymous_2)
FNDA:0,(anonymous_3)
DA:8,0
DA:14,0
DA:15,0
DA:20,0
DA:21,0
DA:23,0
DA:24,0
DA:25,0
DA:26,0
DA:29,0
DA:32,0
DA:33,0
DA:36,0
LF:13
LH:0
BRDA:32,0,0,0
BRDA:32,0,1,0
BRF:2
BRH:0
end_of_record
TN:
SF:metro.config.js
FNF:0
FNH:0
DA:1,0
DA:3,0
DA:4,0
DA:6,0
LF:4
LH:0
BRF:0
BRH:0
end_of_record
TN:
SF:react-native.config.js
FNF:0
FNH:0
DA:1,0
LF:1
LH:0
BRF:0
BRH:0
end_of_record
TN:
SF:plugins\withDisableForcedDarkModeAndroid.js
FN:7,setForceDarkModeToFalse
FN:18,(anonymous_1)
FN:19,(anonymous_2)
FNF:3
FNH:0
FNDA:0,setForceDarkModeToFalse
FNDA:0,(anonymous_1)
FNDA:0,(anonymous_2)
DA:5,0
DA:8,0
DA:15,0
DA:18,0
DA:19,0
DA:20,0
DA:21,0
DA:25,0
LF:8
LH:0
BRF:0
BRH:0
end_of_record
TN:
SF:src\RulesScreen.js
FN:10,(anonymous_0)
FN:31,(anonymous_1)
FN:40,(anonymous_2)
FN:59,(anonymous_3)
FNF:4
FNH:4
FNDA:3,(anonymous_0)
FNDA:48,(anonymous_1)
FNDA:18,(anonymous_2)
FNDA:1,(anonymous_3)
DA:10,1
DA:11,3
DA:12,3
DA:13,3
DA:15,3
DA:16,3
DA:17,3
DA:20,3
DA:31,48
DA:33,3
DA:41,18
DA:59,1
DA:66,1
LF:13
LH:13
BRDA:15,0,0,0
BRDA:15,0,1,3
BRDA:16,1,0,0
BRDA:16,1,1,3
BRDA:17,2,0,0
BRDA:17,2,1,3
BRF:6
BRH:3
end_of_record
TN:
SF:src\TutorialScreen.js
FN:18,(anonymous_0)
FN:51,(anonymous_1)
FN:55,(anonymous_2)
FN:61,(anonymous_3)
FN:68,(anonymous_4)
FN:80,(anonymous_5)
FN:98,(anonymous_6)
FN:98,(anonymous_7)
FN:104,(anonymous_8)
FN:111,(anonymous_9)
FN:113,(anonymous_10)
FN:114,(anonymous_11)
FN:152,(anonymous_12)
FNF:13
FNH:6
FNDA:18,(anonymous_0)
FNDA:6,(anonymous_1)
FNDA:11,(anonymous_2)
FNDA:0,(anonymous_3)
FNDA:11,(anonymous_4)
FNDA:1,(anonymous_5)
FNDA:0,(anonymous_6)
FNDA:0,(anonymous_7)
FNDA:0,(anonymous_8)
FNDA:0,(anonymous_9)
FNDA:0,(anonymous_10)
FNDA:0,(anonymous_11)
FNDA:1,(anonymous_12)
DA:18,1
DA:19,18
DA:20,18
DA:22,18
DA:23,18
DA:25,18
DA:26,18
DA:27,18
DA:28,18
DA:30,18
DA:31,18
DA:33,18
DA:34,18
DA:51,18
DA:52,6
DA:55,18
DA:57,11
DA:58,2
DA:60,2
DA:61,0
DA:62,0
DA:68,11
DA:69,11
DA:70,11
DA:73,0
DA:80,18
DA:82,1
DA:84,1
DA:86,1
DA:90,0
DA:93,1
DA:94,0
DA:95,0
DA:98,1
DA:99,1
DA:100,1
DA:103,0
DA:104,0
DA:106,0
DA:111,18
DA:112,0
DA:113,0
DA:114,0
DA:115,0
DA:116,0
DA:120,18
DA:121,18
DA:122,18
DA:152,1
DA:166,1
LF:50
LH:36
BRDA:20,0,0,0
BRDA:20,0,1,18
BRDA:57,1,0,2
BRDA:57,1,1,9
BRDA:60,2,0,0
BRDA:60,2,1,2
BRDA:69,3,0,11
BRDA:69,3,1,0
BRDA:84,4,0,1
BRDA:84,4,1,0
BRDA:93,5,0,0
BRDA:93,5,1,1
BRDA:98,6,0,1
BRDA:98,6,1,0
BRDA:98,7,0,1
BRDA:98,7,1,0
BRDA:98,7,2,0
BRDA:103,8,0,0
BRDA:103,8,1,0
BRDA:121,9,0,17
BRDA:121,9,1,1
BRDA:128,10,0,0
BRDA:128,10,1,18
BRDA:156,11,0,16
BRDA:156,11,1,2
BRF:25
BRH:14
end_of_record
TN:
SF:src\AppLogic\NavigationLogic.js
FN:26,(anonymous_0)
FN:36,(anonymous_1)
FN:43,(anonymous_2)
FN:44,(anonymous_3)
FN:77,(anonymous_4)
FN:88,(anonymous_5)
FNF:6
FNH:0
FNDA:0,(anonymous_0)
FNDA:0,(anonymous_1)
FNDA:0,(anonymous_2)
FNDA:0,(anonymous_3)
FNDA:0,(anonymous_4)
FNDA:0,(anonymous_5)
DA:22,0
DA:23,0
DA:26,0
DA:30,0
DA:36,0
DA:37,0
DA:38,0
DA:39,0
DA:40,0
DA:41,0
DA:42,0
DA:43,0
DA:46,0
DA:47,0
DA:48,0
DA:49,0
DA:51,0
DA:52,0
DA:54,0
DA:55,0
DA:57,0
DA:77,0
DA:79,0
DA:88,0
DA:89,0
LF:25
LH:0
BRDA:39,0,0,0
BRDA:39,0,1,0
BRDA:40,1,0,0
BRDA:40,1,1,0
BRDA:46,2,0,0
BRDA:46,2,1,0
BRDA:47,3,0,0
BRDA:47,3,1,0
BRDA:48,4,0,0
BRDA:48,4,1,0
BRDA:49,5,0,0
BRDA:49,5,1,0
BRDA:51,6,0,0
BRDA:51,6,1,0
BRDA:52,7,0,0
BRDA:52,7,1,0
BRDA:54,8,0,0
BRDA:54,8,1,0
BRDA:55,9,0,0
BRDA:55,9,1,0
BRF:20
BRH:0
end_of_record
TN:
SF:src\AppLogic\ThemeLogic.js
FN:13,(anonymous_0)
FN:17,(anonymous_1)
FN:18,(anonymous_2)
FN:51,(anonymous_3)
FN:52,(anonymous_4)
FNF:5
FNH:0
FNDA:0,(anonymous_0)
FNDA:0,(anonymous_1)
FNDA:0,(anonymous_2)
FNDA:0,(anonymous_3)
FNDA:0,(anonymous_4)
DA:13,0
DA:15,0
DA:16,0
DA:17,0
DA:18,0
DA:19,0
DA:20,0
DA:21,0
DA:22,0
DA:23,0
DA:27,0
DA:28,0
DA:32,0
DA:33,0
DA:37,0
DA:40,0
DA:42,0
DA:43,0
DA:44,0
DA:46,0
DA:47,0
DA:49,0
DA:51,0
DA:52,0
DA:53,0
DA:54,0
DA:55,0
DA:56,0
DA:60,0
DA:61,0
DA:65,0
DA:70,0
LF:32
LH:0
BRDA:22,0,0,0
BRDA:22,0,1,0
BRDA:27,1,0,0
BRDA:27,1,1,0
BRDA:42,2,0,0
BRDA:42,2,1,0
BRDA:46,3,0,0
BRDA:46,3,1,0
BRDA:55,4,0,0
BRDA:55,4,1,0
BRDA:72,5,0,0
BRDA:72,5,1,0
BRF:12
BRH:0
end_of_record
TN:
SF:src\Firebase\firebaseConfig.js
FNF:0
FNH:0
DA:15,0
DA:26,0
DA:27,0
DA:28,0
LF:4
LH:0
BRF:0
BRH:0
end_of_record
TN:
SF:src\GameLogic\Game.js
FN:5,(anonymous_0)
FN:17,(anonymous_1)
FN:19,(anonymous_2)
FN:32,(anonymous_3)
FN:33,(anonymous_4)
FN:36,(anonymous_5)
FN:65,(anonymous_6)
FN:93,(anonymous_7)
FN:135,(anonymous_8)
FN:136,(anonymous_9)
FN:148,(anonymous_10)
FN:149,(anonymous_11)
FN:152,(anonymous_12)
FN:160,(anonymous_13)
FN:161,(anonymous_14)
FN:177,(anonymous_15)
FN:205,(anonymous_16)
FNF:17
FNH:17
FNDA:5103,(anonymous_0)
FNDA:19,(anonymous_1)
FNDA:171,(anonymous_2)
FNDA:17503,(anonymous_3)
FNDA:39721,(anonymous_4)
FNDA:29871,(anonymous_5)
FNDA:725,(anonymous_6)
FNDA:5737,(anonymous_7)
FNDA:1,(anonymous_8)
FNDA:1,(anonymous_9)
FNDA:6550,(anonymous_10)
FNDA:11775,(anonymous_11)
FNDA:90,(anonymous_12)
FNDA:5028,(anonymous_13)
FNDA:45252,(anonymous_14)
FNDA:2,(anonymous_15)
FNDA:1,(anonymous_16)
DA:6,5103
DA:7,5103
DA:8,5103
DA:9,5103
DA:10,5103
DA:11,5103
DA:12,5103
DA:13,5103
DA:14,5103
DA:18,19
DA:19,171
DA:20,19
DA:21,19
DA:22,19
DA:23,19
DA:24,19
DA:25,19
DA:26,19
DA:27,19
DA:28,19
DA:29,19
DA:33,39721
DA:37,29871
DA:38,83405
DA:43,2504
DA:46,80901
DA:51,2141
DA:55,25226
DA:59,1517
DA:62,23709
DA:67,725
DA:68,725
DA:69,725
DA:72,96
DA:73,864
DA:74,7776
DA:75,1652
DA:82,629
DA:83,5661
DA:84,3487
DA:89,725
DA:95,5737
DA:97,11
DA:101,5726
DA:102,1
DA:104,5725
DA:106,5725
DA:109,5725
DA:110,702
DA:114,5725
DA:115,450
DA:119,5725
DA:120,45
DA:122,45
DA:126,5725
DA:127,5725
DA:128,5725
DA:129,5725
DA:130,5725
DA:132,5725
DA:136,1
DA:137,1
DA:138,1
DA:141,0
DA:142,0
DA:143,0
DA:149,11775
DA:153,90
DA:154,90
DA:155,12
DA:157,78
DA:161,45252
DA:162,5028
DA:163,5028
DA:164,5028
DA:165,5028
DA:166,5028
DA:167,5028
DA:168,5028
DA:169,5028
DA:170,5028
DA:171,5028
DA:172,5028
DA:173,5028
DA:174,5028
DA:178,2
DA:179,0
DA:181,2
DA:182,2
DA:183,2
DA:186,2
DA:187,2
DA:191,2
DA:192,0
DA:195,2
DA:198,2
DA:199,2
DA:200,2
DA:201,2
DA:206,1
DA:207,0
DA:209,1
DA:210,1
DA:211,1
DA:214,1
DA:215,1
DA:219,1
DA:220,1
DA:223,0
DA:226,1
DA:227,1
DA:228,1
LF:112
LH:105
BRDA:33,0,0,17503
BRDA:33,0,1,12094
BRDA:38,1,0,2504
BRDA:38,1,1,80901
BRDA:39,2,0,83405
BRDA:39,2,1,38803
BRDA:39,2,2,27081
BRDA:46,3,0,2141
BRDA:46,3,1,78760
BRDA:47,4,0,80901
BRDA:47,4,1,40372
BRDA:47,4,2,24790
BRDA:55,5,0,1517
BRDA:55,5,1,23709
BRDA:56,6,0,25226
BRDA:56,6,1,12113
BRDA:56,6,2,10828
BRDA:56,6,3,24951
BRDA:56,6,4,19077
BRDA:56,6,5,16180
BRDA:69,7,0,96
BRDA:69,7,1,629
BRDA:74,8,0,1652
BRDA:74,8,1,6124
BRDA:74,9,0,7776
BRDA:74,9,1,2157
BRDA:83,10,0,3487
BRDA:83,10,1,2174
BRDA:95,11,0,11
BRDA:95,11,1,5726
BRDA:95,12,0,5737
BRDA:95,12,1,3980
BRDA:95,12,2,5726
BRDA:101,13,0,1
BRDA:101,13,1,5725
BRDA:109,14,0,702
BRDA:109,14,1,5023
BRDA:114,15,0,450
BRDA:114,15,1,5275
BRDA:119,16,0,45
BRDA:119,16,1,5680
BRDA:127,17,0,2983
BRDA:127,17,1,2742
BRDA:128,18,0,2742
BRDA:128,18,1,2983
BRDA:137,19,0,1
BRDA:137,19,1,0
BRDA:149,20,0,6550
BRDA:149,20,1,6507
BRDA:154,21,0,12
BRDA:154,21,1,78
BRDA:155,22,0,5
BRDA:155,22,1,7
BRDA:178,23,0,0
BRDA:178,23,1,2
BRDA:186,24,0,2
BRDA:186,24,1,0
BRDA:191,25,0,0
BRDA:191,25,1,2
BRDA:191,26,0,2
BRDA:191,26,1,2
BRDA:198,27,0,0
BRDA:198,27,1,2
BRDA:199,28,0,2
BRDA:199,28,1,0
BRDA:206,29,0,0
BRDA:206,29,1,1
BRDA:214,30,0,1
BRDA:214,30,1,0
BRDA:219,31,0,1
BRDA:219,31,1,0
BRDA:226,32,0,1
BRDA:226,32,1,0
BRDA:227,33,0,0
BRDA:227,33,1,1
BRF:75
BRH:64
end_of_record
TN:
SF:src\GameLogic\MonteCarloTreeSearch.js
FN:4,(anonymous_0)
FN:13,(anonymous_1)
FN:17,(anonymous_2)
FN:19,(anonymous_3)
FN:26,(anonymous_4)
FN:34,monteCarloTreeSearch
FN:48,(anonymous_6)
FN:48,(anonymous_7)
FN:62,(anonymous_8)
FN:67,(anonymous_9)
FN:71,simulate
FN:77,(anonymous_11)
FN:78,(anonymous_12)
FN:88,evaluateMove
FN:104,countPotentialWinningLines
FN:106,(anonymous_15)
FN:114,countPotentialLinesInBoard
FN:127,(anonymous_17)
FN:127,(anonymous_18)
FN:130,isMoveInCenter
FN:137,backpropagate
FN:145,weightBasedOnDepth
FN:158,findMaxDepth
FN:161,(anonymous_23)
FNF:24
FNH:22
FNDA:12,(anonymous_0)
FNDA:10,(anonymous_1)
FNDA:0,(anonymous_2)
FNDA:0,(anonymous_3)
FNDA:10,(anonymous_4)
FNDA:2,monteCarloTreeSearch
FNDA:80,(anonymous_6)
FNDA:160,(anonymous_7)
FNDA:6,(anonymous_8)
FNDA:10,(anonymous_9)
FNDA:10,simulate
FNDA:4979,(anonymous_11)
FNDA:10359,(anonymous_12)
FNDA:4979,evaluateMove
FNDA:9958,countPotentialWinningLines
FNDA:89622,(anonymous_15)
FNDA:89622,countPotentialLinesInBoard
FNDA:716976,(anonymous_17)
FNDA:951706,(anonymous_18)
FNDA:4979,isMoveInCenter
FNDA:10,backpropagate
FNDA:20,weightBasedOnDepth
FNDA:50,findMaxDepth
FNDA:30,(anonymous_23)
DA:2,2
DA:5,12
DA:6,12
DA:7,12
DA:8,12
DA:9,12
DA:10,12
DA:14,10
DA:19,0
DA:20,0
DA:21,0
DA:22,0
DA:27,10
DA:28,10
DA:29,10
DA:35,2
DA:37,2
DA:38,10
DA:41,10
DA:42,0
DA:46,10
DA:47,10
DA:48,160
DA:49,10
DA:50,10
DA:51,10
DA:52,10
DA:56,10
DA:59,10
DA:61,10
DA:62,6
DA:63,6
DA:67,10
DA:68,2
DA:72,10
DA:73,10
DA:75,10
DA:76,705
DA:77,4979
DA:78,10359
DA:79,705
DA:81,705
DA:84,10
DA:85,10
DA:90,4979
DA:91,4979
DA:93,4979
DA:94,4979
DA:97,4979
DA:98,4979
DA:99,4979
DA:101,4979
DA:106,9958
DA:107,89622
DA:108,89622
DA:111,9958
DA:116,89622
DA:127,951706
DA:132,4979
DA:133,4979
DA:138,10
DA:139,20
DA:140,20
DA:141,20
DA:148,20
DA:151,20
DA:154,20
DA:155,20
DA:160,50
DA:161,50
DA:162,50
LF:71
LH:66
BRDA:4,0,0,2
BRDA:4,1,0,12
BRDA:21,2,0,0
BRDA:21,2,1,0
BRDA:22,3,0,0
BRDA:22,3,1,0
BRDA:41,4,0,10
BRDA:41,4,1,10
BRDA:46,5,0,10
BRDA:46,5,1,0
BRDA:61,6,0,6
BRDA:61,6,1,4
BRDA:67,7,0,2
BRDA:67,7,1,8
BRDA:85,8,0,0
BRDA:85,8,1,10
BRDA:85,9,0,0
BRDA:85,9,1,10
BRDA:99,10,0,1030
BRDA:99,10,1,3949
BRDA:160,11,0,0
BRDA:160,11,1,50
BRF:22
BRH:14
end_of_record
TN:
SF:src\GamePlayScreen\BigBoard.js
FN:6,(anonymous_0)
FN:9,(anonymous_1)
FN:11,(anonymous_2)
FNF:3
FNH:3
FNDA:64,(anonymous_0)
FNDA:186,(anonymous_1)
FNDA:552,(anonymous_2)
DA:6,3
DA:7,64
DA:10,186
DA:12,552
DA:29,3
DA:30,3
DA:31,3
DA:32,3
DA:34,3
LF:9
LH:9
BRDA:17,0,0,549
BRDA:17,0,1,520
BRF:2
BRH:2
end_of_record
TN:
SF:src\GamePlayScreen\Cell.js
FN:9,(anonymous_0)
FNF:1
FNH:1
FNDA:4680,(anonymous_0)
DA:9,3
DA:10,4680
DA:11,4680
DA:12,4680
DA:13,4677
DA:14,4677
DA:21,3
LF:7
LH:7
BRDA:12,0,0,2412
BRDA:12,0,1,2265
BRDA:12,1,0,2178
BRDA:12,1,1,234
BRDA:13,2,0,414
BRDA:13,2,1,4263
BRDA:13,3,0,231
BRDA:13,3,1,183
BRDA:15,4,0,4677
BRDA:15,4,1,4191
BRDA:15,4,2,894
BRF:11
BRH:11
end_of_record
TN:
SF:src\GamePlayScreen\GamePlayScreen.js
FN:20,(anonymous_0)
FN:34,(anonymous_1)
FN:57,(anonymous_2)
FN:59,(anonymous_3)
FN:60,(anonymous_4)
FN:67,(anonymous_5)
FN:70,(anonymous_6)
FNF:7
FNH:6
FNDA:36,(anonymous_0)
FNDA:25,(anonymous_1)
FNDA:2,(anonymous_2)
FNDA:2,(anonymous_3)
FNDA:2,(anonymous_4)
FNDA:7,(anonymous_5)
FNDA:0,(anonymous_6)
DA:20,1
DA:22,36
DA:24,36
DA:25,36
DA:26,36
DA:27,36
DA:29,36
DA:31,36
DA:32,36
DA:34,36
DA:36,25
DA:38,25
DA:39,25
DA:40,25
DA:42,0
DA:45,25
DA:46,1
DA:47,1
DA:48,1
DA:49,1
DA:52,24
DA:53,2
DA:57,36
DA:58,2
DA:59,2
DA:60,2
DA:61,2
DA:62,2
DA:63,2
DA:67,36
DA:69,7
DA:70,0
DA:71,0
DA:72,0
DA:73,0
DA:74,0
DA:76,0
DA:77,0
DA:81,0
DA:83,7
DA:84,0
DA:88,36
DA:89,36
DA:90,36
DA:105,1
LF:45
LH:35
BRDA:32,0,0,0
BRDA:32,0,1,36
BRDA:38,1,0,25
BRDA:38,1,1,0
BRDA:45,2,0,1
BRDA:45,2,1,24
BRDA:52,3,0,2
BRDA:52,3,1,22
BRDA:69,4,0,0
BRDA:69,4,1,7
BRDA:73,5,0,0
BRDA:73,5,1,0
BRDA:83,6,0,0
BRDA:83,6,1,7
BRDA:89,7,0,18
BRDA:89,7,1,18
BRDA:96,8,0,36
BRDA:96,8,1,10
BRDA:98,9,0,0
BRDA:98,9,1,10
BRF:20
BRH:13
end_of_record
TN:
SF:src\GamePlayScreen\SmallBoard.js
FN:6,(anonymous_0)
FN:10,(anonymous_1)
FN:12,(anonymous_2)
FN:20,(anonymous_3)
FNF:4
FNH:4
FNDA:552,(anonymous_0)
FNDA:1548,(anonymous_1)
FNDA:4644,(anonymous_2)
FNDA:26,(anonymous_3)
DA:6,3
DA:7,552
DA:11,1548
DA:13,4644
DA:20,26
DA:41,3
LF:6
LH:6
BRDA:8,0,0,516
BRDA:8,0,1,33
BRF:2
BRH:2
end_of_record
TN:
SF:src\GamePlayScreen\WinnerModal.js
FN:10,(anonymous_0)
FN:16,(anonymous_1)
FN:31,(anonymous_2)
FN:43,(anonymous_3)
FNF:4
FNH:2
FNDA:54,(anonymous_0)
FNDA:54,(anonymous_1)
FNDA:0,(anonymous_2)
FNDA:0,(anonymous_3)
DA:10,2
DA:11,54
DA:12,54
DA:13,54
DA:14,54
DA:16,54
DA:17,54
DA:18,0
DA:19,54
DA:20,1
DA:22,53
DA:26,54
DA:32,0
DA:44,0
DA:45,0
DA:57,2
LF:16
LH:12
BRDA:14,0,0,0
BRDA:14,0,1,54
BRDA:17,1,0,0
BRDA:17,1,1,54
BRDA:19,2,0,1
BRDA:19,2,1,53
BRDA:38,3,0,0
BRDA:38,3,1,54
BRDA:38,4,0,1
BRDA:38,4,1,53
BRDA:40,5,0,0
BRDA:40,5,1,54
BRF:12
BRH:8
end_of_record
TN:
SF:src\HomeScreen\HomeScreen.js
FN:13,(anonymous_0)
FN:26,(anonymous_1)
FN:26,(anonymous_2)
FN:35,(anonymous_3)
FN:38,(anonymous_4)
FN:61,(anonymous_5)
FN:69,(anonymous_6)
FN:91,(anonymous_7)
FN:96,(anonymous_8)
FN:102,(anonymous_9)
FNF:10
FNH:9
FNDA:21,(anonymous_0)
FNDA:2,(anonymous_1)
FNDA:2,(anonymous_2)
FNDA:0,(anonymous_3)
FNDA:1,(anonymous_4)
FNDA:1,(anonymous_5)
FNDA:3,(anonymous_6)
FNDA:5,(anonymous_7)
FNDA:1,(anonymous_8)
FNDA:1,(anonymous_9)
DA:13,1
DA:14,21
DA:15,21
DA:16,21
DA:17,21
DA:18,21
DA:20,21
DA:21,21
DA:23,21
DA:24,21
DA:26,21
DA:28,21
DA:36,0
DA:38,1
DA:61,1
DA:70,3
DA:71,3
DA:91,5
DA:96,1
DA:102,1
DA:116,1
LF:21
LH:20
BRDA:21,0,0,0
BRDA:21,0,1,21
BRDA:23,1,0,0
BRDA:23,1,1,21
BRDA:24,2,0,0
BRDA:24,2,1,21
BRDA:46,3,0,5
BRDA:46,3,1,16
BRDA:51,4,0,0
BRDA:51,4,1,21
BRDA:56,5,0,21
BRDA:56,5,1,5
BRDA:61,6,0,1
BRDA:61,6,1,0
BRDA:62,7,0,3
BRDA:62,7,1,2
BRDA:67,8,0,0
BRDA:67,8,1,21
BRDA:71,9,0,2
BRDA:71,9,1,1
BRF:20
BRH:14
end_of_record
TN:
SF:src\HomeScreen\homeComponents\ButtonComponent.js
FN:6,ButtonComponent
FNF:1
FNH:1
FNDA:297,ButtonComponent
DA:7,297
DA:14,6
LF:2
LH:2
BRF:0
BRH:0
end_of_record
TN:
SF:src\HomeScreen\homeComponents\HomeTitleComponent.js
FN:7,(anonymous_0)
FNF:1
FNH:1
FNDA:21,(anonymous_0)
DA:7,1
DA:8,21
DA:10,21
DA:22,1
LF:4
LH:4
BRF:0
BRH:0
end_of_record
TN:
SF:src\SettingsScreen\AuthenticationSection.js
FN:23,(anonymous_0)
FN:41,(anonymous_1)
FN:42,(anonymous_2)
FN:46,(anonymous_3)
FN:49,(anonymous_4)
FN:71,(anonymous_5)
FN:93,(anonymous_6)
FN:122,(anonymous_7)
FN:129,(anonymous_8)
FN:129,(anonymous_9)
FN:132,(anonymous_10)
FN:152,(anonymous_11)
FN:163,(anonymous_12)
FN:181,(anonymous_13)
FN:206,(anonymous_14)
FN:234,(anonymous_15)
FN:250,(anonymous_16)
FN:260,(anonymous_17)
FN:270,(anonymous_18)
FNF:19
FNH:18
FNDA:57,(anonymous_0)
FNDA:17,(anonymous_1)
FNDA:0,(anonymous_2)
FNDA:17,(anonymous_3)
FNDA:6,(anonymous_4)
FNDA:1,(anonymous_5)
FNDA:1,(anonymous_6)
FNDA:1,(anonymous_7)
FNDA:2,(anonymous_8)
FNDA:3,(anonymous_9)
FNDA:2,(anonymous_10)
FNDA:1,(anonymous_11)
FNDA:1,(anonymous_12)
FNDA:1,(anonymous_13)
FNDA:1,(anonymous_14)
FNDA:9,(anonymous_15)
FNDA:7,(anonymous_16)
FNDA:7,(anonymous_17)
FNDA:1,(anonymous_18)
DA:23,1
DA:24,57
DA:25,57
DA:26,56
DA:27,56
DA:28,56
DA:31,56
DA:32,56
DA:33,56
DA:34,56
DA:35,56
DA:36,56
DA:37,56
DA:41,56
DA:42,17
DA:43,0
DA:46,17
DA:49,56
DA:50,6
DA:51,6
DA:52,6
DA:53,6
DA:54,6
DA:57,0
DA:58,0
DA:59,0
DA:60,0
DA:61,0
DA:62,0
DA:63,0
DA:65,0
DA:67,0
DA:71,56
DA:72,1
DA:73,1
DA:74,1
DA:75,1
DA:77,0
DA:78,0
DA:79,0
DA:80,0
DA:81,0
DA:82,0
DA:83,0
DA:85,0
DA:88,0
DA:93,56
DA:94,1
DA:95,0
DA:98,1
DA:99,1
DA:100,0
DA:101,0
DA:104,1
DA:106,1
DA:107,1
DA:109,1
DA:110,1
DA:112,1
DA:114,0
DA:122,1
DA:123,1
DA:125,1
DA:126,1
DA:129,3
DA:132,2
DA:133,1
DA:135,1
DA:136,1
DA:142,1
DA:143,1
DA:145,0
DA:146,0
DA:147,0
DA:152,56
DA:153,1
DA:154,0
DA:157,1
DA:159,1
DA:160,1
DA:161,1
DA:163,1
DA:164,1
DA:165,1
DA:166,1
DA:169,0
DA:170,0
DA:174,0
DA:175,0
DA:176,0
DA:181,56
DA:182,1
DA:183,0
DA:186,1
DA:188,1
DA:191,1
DA:192,1
DA:193,1
DA:194,1
DA:197,1
DA:200,0
DA:201,0
DA:202,0
DA:206,56
DA:207,1
DA:208,1
DA:209,1
DA:210,1
DA:213,0
DA:214,0
DA:215,0
DA:219,56
DA:234,9
DA:250,7
DA:260,7
DA:270,1
DA:279,1
LF:117
LH:78
BRDA:32,0,0,0
BRDA:32,0,1,56
BRDA:33,1,0,0
BRDA:33,1,1,56
BRDA:36,2,0,0
BRDA:36,2,1,56
BRDA:37,3,0,0
BRDA:37,3,1,56
BRDA:58,4,0,0
BRDA:58,4,1,0
BRDA:60,5,0,0
BRDA:60,5,1,0
BRDA:62,6,0,0
BRDA:62,6,1,0
BRDA:78,7,0,0
BRDA:78,7,1,0
BRDA:80,8,0,0
BRDA:80,8,1,0
BRDA:82,9,0,0
BRDA:82,9,1,0
BRDA:94,10,0,0
BRDA:94,10,1,1
BRDA:99,11,0,0
BRDA:99,11,1,1
BRDA:112,12,0,0
BRDA:112,12,1,1
BRDA:126,13,0,1
BRDA:126,13,1,0
BRDA:153,14,0,0
BRDA:153,14,1,1
BRDA:164,15,0,1
BRDA:164,15,1,0
BRDA:182,16,0,0
BRDA:182,16,1,1
BRDA:224,17,0,14
BRDA:224,17,1,42
BRF:36
BRH:13
end_of_record
TN:
SF:src\SettingsScreen\ColorPicker.js
FN:25,ColorPicker
FN:44,(anonymous_1)
FN:47,(anonymous_2)
FN:69,(anonymous_3)
FN:76,(anonymous_4)
FN:81,(anonymous_5)
FN:94,(anonymous_6)
FN:124,(anonymous_7)
FNF:8
FNH:5
FNDA:18,ColorPicker
FNDA:1,(anonymous_1)
FNDA:0,(anonymous_2)
FNDA:180,(anonymous_3)
FNDA:1,(anonymous_4)
FNDA:1,(anonymous_5)
FNDA:0,(anonymous_6)
FNDA:0,(anonymous_7)
DA:20,1
DA:21,1
DA:28,18
DA:30,18
DA:32,18
DA:33,18
DA:35,18
DA:36,18
DA:40,18
DA:44,1
DA:47,0
DA:70,180
DA:71,180
DA:72,180
DA:77,1
DA:78,1
DA:79,1
DA:80,1
DA:81,1
DA:82,1
DA:83,1
DA:84,1
DA:89,0
DA:91,1
DA:92,0
DA:93,0
DA:94,0
DA:95,0
DA:96,0
DA:103,0
DA:125,0
DA:135,1
LF:32
LH:23
BRDA:44,0,0,18
BRDA:44,0,1,0
BRDA:44,1,0,18
BRDA:44,1,1,0
BRDA:47,2,0,18
BRDA:47,2,1,0
BRDA:47,3,0,18
BRDA:47,3,1,0
BRDA:55,4,0,1
BRDA:55,4,1,17
BRDA:59,5,0,18
BRDA:59,5,1,1
BRDA:59,6,0,18
BRDA:59,6,1,17
BRDA:60,7,0,1
BRDA:60,7,1,17
BRDA:62,8,0,18
BRDA:62,8,1,1
BRDA:62,9,0,18
BRDA:62,9,1,17
BRDA:64,10,0,18
BRDA:64,10,1,1
BRDA:65,11,0,18
BRDA:65,11,1,17
BRDA:66,12,0,1
BRDA:66,12,1,17
BRDA:70,13,0,10
BRDA:70,13,1,170
BRDA:71,14,0,10
BRDA:71,14,1,170
BRDA:77,15,0,1
BRDA:77,15,1,0
BRDA:78,16,0,1
BRDA:78,16,1,0
BRDA:92,17,0,0
BRDA:92,17,1,0
BRDA:110,18,0,180
BRDA:110,18,1,18
BRDA:114,19,0,180
BRDA:114,19,1,162
BRDA:115,20,0,18
BRDA:115,20,1,162
BRDA:115,21,0,1
BRDA:115,21,1,17
BRDA:123,22,0,18
BRDA:123,22,1,1
BRDA:123,23,0,18
BRDA:123,23,1,17
BRF:48
BRH:40
end_of_record
TN:
SF:src\SettingsScreen\ResetColorTheme.js
FN:15,(anonymous_0)
FN:24,(anonymous_1)
FN:29,(anonymous_2)
FNF:3
FNH:3
FNDA:17,(anonymous_0)
FNDA:1,(anonymous_1)
FNDA:1,(anonymous_2)
DA:15,1
DA:16,17
DA:18,17
DA:19,17
DA:20,17
DA:21,17
DA:22,17
DA:24,17
DA:25,1
DA:27,1
DA:28,1
DA:29,1
DA:30,1
DA:31,1
DA:35,1
DA:39,1
DA:44,0
DA:46,1
DA:49,17
DA:63,1
LF:20
LH:19
BRDA:22,0,0,0
BRDA:22,0,1,17
BRF:2
BRH:1
end_of_record
TN:
SF:src\SettingsScreen\SettingsScreen.js
FN:24,(anonymous_0)
FN:29,(anonymous_1)
FN:32,(anonymous_2)
FNF:3
FNH:1
FNDA:17,(anonymous_0)
FNDA:0,(anonymous_1)
FNDA:0,(anonymous_2)
DA:24,1
DA:25,17
DA:26,17
DA:27,17
DA:29,17
DA:30,0
DA:31,0
DA:32,0
DA:33,0
DA:34,0
DA:39,0
DA:40,0
DA:43,0
DA:45,0
DA:50,17
DA:51,17
DA:52,17
DA:53,17
DA:54,17
DA:55,17
DA:76,1
LF:21
LH:12
BRDA:30,0,0,0
BRDA:30,0,1,0
BRDA:51,1,0,0
BRDA:51,1,1,17
BRDA:52,2,0,0
BRDA:52,2,1,17
BRDA:53,3,0,0
BRDA:53,3,1,17
BRDA:66,4,0,0
BRDA:66,4,1,17
BRDA:67,5,0,0
BRDA:67,5,1,17
BRF:12
BRH:5
end_of_record
TN:
SF:src\SettingsScreen\ThemePicker.js
FN:15,(anonymous_0)
FN:23,(anonymous_1)
FN:26,(anonymous_2)
FNF:3
FNH:3
FNDA:17,(anonymous_0)
FNDA:1,(anonymous_1)
FNDA:1,(anonymous_2)
DA:15,1
DA:16,17
DA:17,17
DA:18,17
DA:19,17
DA:20,17
DA:23,17
DA:24,1
DA:25,1
DA:26,1
DA:27,1
DA:28,1
DA:38,1
DA:42,17
DA:59,1
LF:15
LH:15
BRDA:20,0,0,0
BRDA:20,0,1,17
BRDA:24,1,0,1
BRDA:24,1,1,0
BRDA:48,2,0,0
BRDA:48,2,1,17
BRDA:51,3,0,0
BRDA:51,3,1,17
BRDA:52,4,0,0
BRDA:52,4,1,17
BRF:10
BRH:5
end_of_record
TN:
SF:src\StatisticsScreen\ReplayScreen.js
FN:13,(anonymous_0)
FN:25,(anonymous_1)
FN:39,(anonymous_2)
FN:53,(anonymous_3)
FNF:4
FNH:3
FNDA:7,(anonymous_0)
FNDA:2,(anonymous_1)
FNDA:1,(anonymous_2)
FNDA:0,(anonymous_3)
DA:13,1
DA:14,7
DA:15,7
DA:16,7
DA:18,7
DA:26,2
DA:27,2
DA:28,2
DA:29,2
DA:40,1
DA:41,1
DA:42,1
DA:43,1
DA:59,1
LF:14
LH:14
BRDA:35,0,0,2
BRDA:35,0,1,5
BRDA:51,1,0,2
BRDA:51,1,1,5
BRF:4
BRH:4
end_of_record
TN:
SF:src\StatisticsScreen\StatisticsScreen.js
FN:15,(anonymous_0)
FN:31,(anonymous_1)
FN:36,(anonymous_2)
FN:46,(anonymous_3)
FN:52,(anonymous_4)
FN:62,(anonymous_5)
FN:64,(anonymous_6)
FN:67,(anonymous_7)
FN:78,(anonymous_8)
FN:117,(anonymous_9)
FN:152,(anonymous_10)
FN:160,(anonymous_11)
FN:173,(anonymous_12)
FN:180,(anonymous_13)
FNF:14
FNH:12
FNDA:15,(anonymous_0)
FNDA:6,(anonymous_1)
FNDA:10,(anonymous_2)
FNDA:6,(anonymous_3)
FNDA:0,(anonymous_4)
FNDA:3,(anonymous_5)
FNDA:3,(anonymous_6)
FNDA:16,(anonymous_7)
FNDA:3,(anonymous_8)
FNDA:1,(anonymous_9)
FNDA:16,(anonymous_10)
FNDA:16,(anonymous_11)
FNDA:21,(anonymous_12)
FNDA:0,(anonymous_13)
DA:15,1
DA:16,15
DA:17,15
DA:19,15
DA:20,15
DA:21,15
DA:23,15
DA:24,15
DA:25,15
DA:26,15
DA:27,15
DA:28,15
DA:31,15
DA:32,6
DA:33,6
DA:34,6
DA:35,6
DA:36,10
DA:38,6
DA:41,0
DA:42,0
DA:46,15
DA:49,6
DA:52,6
DA:53,0
DA:57,6
DA:62,15
DA:63,3
DA:64,3
DA:67,15
DA:68,16
DA:69,16
DA:71,16
DA:78,3
DA:117,1
DA:127,15
DA:152,16
DA:160,16
DA:173,21
DA:180,0
DA:188,1
LF:41
LH:37
BRDA:24,0,0,0
BRDA:24,0,1,15
BRDA:25,1,0,0
BRDA:25,1,1,15
BRDA:26,2,0,0
BRDA:26,2,1,15
BRDA:27,3,0,0
BRDA:27,3,1,15
BRDA:28,4,0,0
BRDA:28,4,1,15
BRDA:35,5,0,5
BRDA:35,5,1,1
BRDA:38,6,0,6
BRDA:38,6,1,1
BRDA:64,7,0,0
BRDA:64,7,1,3
BRDA:77,8,0,0
BRDA:77,8,1,16
BRDA:80,9,0,0
BRDA:80,9,1,16
BRDA:80,10,0,8
BRDA:80,10,1,8
BRDA:89,11,0,3
BRDA:89,11,1,13
BRDA:90,12,0,0
BRDA:90,12,1,16
BRDA:90,13,0,8
BRDA:90,13,1,8
BRDA:96,14,0,16
BRDA:96,14,1,3
BRDA:112,15,0,0
BRDA:112,15,1,3
BRDA:112,16,0,2
BRDA:112,16,1,1
BRDA:178,17,0,0
BRDA:178,17,1,15
BRF:36
BRH:25
end_of_record
TN:
SF:src\styles\colorsPalettes\ColorsPalette.js
FNF:0
FNH:0
LF:0
LH:0
BRF:0
BRH:0
end_of_record
TN:
SF:src\styles\colorsPalettes\ColorsPaletteSoft.js
FNF:0
FNH:0
LF:0
LH:0
BRF:0
BRH:0
end_of_record
TN:
SF:src\styles\contexts\ColorContext.js
FNF:0
FNH:0
DA:3,0
LF:1
LH:0
BRF:0
BRH:0
end_of_record
TN:
SF:src\styles\contexts\ThemeContext.js
FNF:0
FNH:0
DA:3,0
LF:1
LH:0
BRF:0
BRH:0
end_of_record
TN:
SF:src\styles\themes\MyDarkTheme.js
FNF:0
FNH:0
DA:2,0
LF:1
LH:0
BRF:0
BRH:0
end_of_record
TN:
SF:src\styles\themes\MyLightTheme.js
FNF:0
FNH:0
DA:4,0
LF:1
LH:0
BRF:0
BRH:0
end_of_record
