TN:
SF:App.js
FN:14,(anonymous_0)
FN:20,(anonymous_1)
FN:23,(anonymous_2)
FN:24,(anonymous_3)
FNF:4
FNH:0
FNDA:0,(anonymous_0)
FNDA:0,(anonymous_1)
FNDA:0,(anonymous_2)
FNDA:0,(anonymous_3)
DA:8,0
DA:14,0
DA:15,0
DA:20,0
DA:21,0
DA:23,0
DA:24,0
DA:25,0
DA:26,0
DA:29,0
DA:32,0
DA:33,0
DA:36,0
LF:13
LH:0
BRDA:32,0,0,0
BRDA:32,0,1,0
BRF:2
BRH:0
end_of_record
TN:
SF:metro.config.js
FNF:0
FNH:0
DA:1,0
DA:3,0
DA:4,0
DA:6,0
LF:4
LH:0
BRF:0
BRH:0
end_of_record
TN:
SF:react-native.config.js
FNF:0
FNH:0
DA:1,0
LF:1
LH:0
BRF:0
BRH:0
end_of_record
TN:
SF:plugins\withDisableForcedDarkModeAndroid.js
FN:7,setForceDarkModeToFalse
FN:18,(anonymous_1)
FN:19,(anonymous_2)
FNF:3
FNH:0
FNDA:0,setForceDarkModeToFalse
FNDA:0,(anonymous_1)
FNDA:0,(anonymous_2)
DA:5,0
DA:8,0
DA:15,0
DA:18,0
DA:19,0
DA:20,0
DA:21,0
DA:25,0
LF:8
LH:0
BRF:0
BRH:0
end_of_record
TN:
SF:src\RulesScreen.js
FN:10,(anonymous_0)
FN:31,(anonymous_1)
FN:40,(anonymous_2)
FN:59,(anonymous_3)
FNF:4
FNH:4
FNDA:3,(anonymous_0)
FNDA:48,(anonymous_1)
FNDA:18,(anonymous_2)
FNDA:1,(anonymous_3)
DA:10,1
DA:11,3
DA:12,3
DA:13,3
DA:15,3
DA:16,3
DA:17,3
DA:20,3
DA:31,48
DA:33,3
DA:41,18
DA:59,1
DA:66,1
LF:13
LH:13
BRDA:15,0,0,0
BRDA:15,0,1,3
BRDA:16,1,0,0
BRDA:16,1,1,3
BRDA:17,2,0,0
BRDA:17,2,1,3
BRF:6
BRH:3
end_of_record
TN:
SF:src\TutorialScreen.js
FN:18,(anonymous_0)
FN:52,(anonymous_1)
FN:56,(anonymous_2)
FN:62,(anonymous_3)
FN:69,(anonymous_4)
FN:81,(anonymous_5)
FN:99,(anonymous_6)
FN:99,(anonymous_7)
FN:105,(anonymous_8)
FN:112,(anonymous_9)
FN:114,(anonymous_10)
FN:115,(anonymous_11)
FN:153,(anonymous_12)
FNF:13
FNH:6
FNDA:18,(anonymous_0)
FNDA:6,(anonymous_1)
FNDA:11,(anonymous_2)
FNDA:0,(anonymous_3)
FNDA:11,(anonymous_4)
FNDA:1,(anonymous_5)
FNDA:0,(anonymous_6)
FNDA:0,(anonymous_7)
FNDA:0,(anonymous_8)
FNDA:0,(anonymous_9)
FNDA:0,(anonymous_10)
FNDA:0,(anonymous_11)
FNDA:1,(anonymous_12)
DA:18,1
DA:19,18
DA:20,18
DA:22,18
DA:23,18
DA:24,18
DA:26,18
DA:27,18
DA:28,18
DA:29,18
DA:31,18
DA:32,18
DA:34,18
DA:35,18
DA:52,18
DA:53,6
DA:56,18
DA:58,11
DA:59,2
DA:61,2
DA:62,0
DA:63,0
DA:69,11
DA:70,11
DA:71,11
DA:74,0
DA:81,18
DA:83,1
DA:85,1
DA:87,1
DA:91,0
DA:94,1
DA:95,0
DA:96,0
DA:99,1
DA:100,1
DA:101,1
DA:104,0
DA:105,0
DA:107,0
DA:112,18
DA:113,0
DA:114,0
DA:115,0
DA:116,0
DA:117,0
DA:121,18
DA:122,18
DA:123,18
DA:153,1
DA:167,1
LF:51
LH:37
BRDA:20,0,0,0
BRDA:20,0,1,18
BRDA:58,1,0,2
BRDA:58,1,1,9
BRDA:61,2,0,0
BRDA:61,2,1,2
BRDA:70,3,0,11
BRDA:70,3,1,0
BRDA:85,4,0,1
BRDA:85,4,1,0
BRDA:94,5,0,0
BRDA:94,5,1,1
BRDA:99,6,0,1
BRDA:99,6,1,0
BRDA:99,7,0,1
BRDA:99,7,1,0
BRDA:99,7,2,0
BRDA:104,8,0,0
BRDA:104,8,1,0
BRDA:122,9,0,17
BRDA:122,9,1,1
BRDA:129,10,0,0
BRDA:129,10,1,18
BRDA:157,11,0,16
BRDA:157,11,1,2
BRF:25
BRH:14
end_of_record
TN:
SF:src\AppLogic\NavigationLogic.js
FN:27,(anonymous_0)
FN:37,(anonymous_1)
FN:44,(anonymous_2)
FN:45,(anonymous_3)
FN:78,(anonymous_4)
FN:89,(anonymous_5)
FNF:6
FNH:0
FNDA:0,(anonymous_0)
FNDA:0,(anonymous_1)
FNDA:0,(anonymous_2)
FNDA:0,(anonymous_3)
FNDA:0,(anonymous_4)
FNDA:0,(anonymous_5)
DA:22,0
DA:23,0
DA:27,0
DA:31,0
DA:37,0
DA:38,0
DA:39,0
DA:40,0
DA:41,0
DA:42,0
DA:43,0
DA:44,0
DA:47,0
DA:48,0
DA:49,0
DA:50,0
DA:52,0
DA:53,0
DA:55,0
DA:56,0
DA:58,0
DA:78,0
DA:80,0
DA:89,0
DA:90,0
LF:25
LH:0
BRDA:40,0,0,0
BRDA:40,0,1,0
BRDA:41,1,0,0
BRDA:41,1,1,0
BRDA:47,2,0,0
BRDA:47,2,1,0
BRDA:48,3,0,0
BRDA:48,3,1,0
BRDA:49,4,0,0
BRDA:49,4,1,0
BRDA:50,5,0,0
BRDA:50,5,1,0
BRDA:52,6,0,0
BRDA:52,6,1,0
BRDA:53,7,0,0
BRDA:53,7,1,0
BRDA:55,8,0,0
BRDA:55,8,1,0
BRDA:56,9,0,0
BRDA:56,9,1,0
BRF:20
BRH:0
end_of_record
TN:
SF:src\AppLogic\ThemeLogic.js
FN:13,(anonymous_0)
FN:17,(anonymous_1)
FN:18,(anonymous_2)
FN:51,(anonymous_3)
FN:52,(anonymous_4)
FNF:5
FNH:0
FNDA:0,(anonymous_0)
FNDA:0,(anonymous_1)
FNDA:0,(anonymous_2)
FNDA:0,(anonymous_3)
FNDA:0,(anonymous_4)
DA:13,0
DA:15,0
DA:16,0
DA:17,0
DA:18,0
DA:19,0
DA:20,0
DA:21,0
DA:22,0
DA:23,0
DA:27,0
DA:28,0
DA:32,0
DA:33,0
DA:37,0
DA:40,0
DA:42,0
DA:43,0
DA:44,0
DA:46,0
DA:47,0
DA:49,0
DA:51,0
DA:52,0
DA:53,0
DA:54,0
DA:55,0
DA:56,0
DA:60,0
DA:61,0
DA:65,0
DA:70,0
LF:32
LH:0
BRDA:22,0,0,0
BRDA:22,0,1,0
BRDA:27,1,0,0
BRDA:27,1,1,0
BRDA:42,2,0,0
BRDA:42,2,1,0
BRDA:46,3,0,0
BRDA:46,3,1,0
BRDA:55,4,0,0
BRDA:55,4,1,0
BRDA:72,5,0,0
BRDA:72,5,1,0
BRF:12
BRH:0
end_of_record
TN:
SF:src\Firebase\firebaseConfig.js
FNF:0
FNH:0
DA:15,0
DA:26,0
DA:27,0
DA:28,0
LF:4
LH:0
BRF:0
BRH:0
end_of_record
TN:
SF:src\GameLogic\Game.js
FN:5,(anonymous_0)
FN:17,(anonymous_1)
FN:19,(anonymous_2)
FN:32,(anonymous_3)
FN:33,(anonymous_4)
FN:36,(anonymous_5)
FN:65,(anonymous_6)
FN:93,(anonymous_7)
FN:135,(anonymous_8)
FN:136,(anonymous_9)
FN:148,(anonymous_10)
FN:149,(anonymous_11)
FN:152,(anonymous_12)
FN:160,(anonymous_13)
FN:161,(anonymous_14)
FN:177,(anonymous_15)
FN:205,(anonymous_16)
FNF:17
FNH:15
FNDA:5190,(anonymous_0)
FNDA:12,(anonymous_1)
FNDA:108,(anonymous_2)
FNDA:17677,(anonymous_3)
FNDA:39883,(anonymous_4)
FNDA:30210,(anonymous_5)
FNDA:715,(anonymous_6)
FNDA:5808,(anonymous_7)
FNDA:1,(anonymous_8)
FNDA:1,(anonymous_9)
FNDA:6623,(anonymous_10)
FNDA:11869,(anonymous_11)
FNDA:90,(anonymous_12)
FNDA:5123,(anonymous_13)
FNDA:46107,(anonymous_14)
FNDA:0,(anonymous_15)
FNDA:0,(anonymous_16)
DA:6,5190
DA:7,5190
DA:8,5190
DA:9,5190
DA:10,5190
DA:11,5190
DA:12,5190
DA:13,5190
DA:14,5190
DA:18,12
DA:19,108
DA:20,12
DA:21,12
DA:22,12
DA:23,12
DA:24,12
DA:25,12
DA:26,12
DA:27,12
DA:28,12
DA:29,12
DA:33,39883
DA:37,30210
DA:38,84117
DA:43,2695
DA:46,81422
DA:51,2357
DA:55,25158
DA:59,1077
DA:62,24081
DA:67,715
DA:68,715
DA:69,715
DA:72,95
DA:73,855
DA:74,7695
DA:75,1778
DA:82,620
DA:83,5580
DA:84,3459
DA:89,715
DA:95,5808
DA:97,0
DA:101,5808
DA:102,0
DA:104,5808
DA:106,5808
DA:109,5808
DA:110,718
DA:114,5808
DA:115,470
DA:119,5808
DA:120,57
DA:122,57
DA:126,5808
DA:127,5808
DA:128,5808
DA:129,5808
DA:130,5808
DA:132,5808
DA:136,1
DA:137,1
DA:138,1
DA:141,0
DA:142,0
DA:143,0
DA:149,11869
DA:153,90
DA:154,90
DA:155,12
DA:157,78
DA:161,46107
DA:162,5123
DA:163,5123
DA:164,5123
DA:165,5123
DA:166,5123
DA:167,5123
DA:168,5123
DA:169,5123
DA:170,5123
DA:171,5123
DA:172,5123
DA:173,5123
DA:174,5123
DA:178,0
DA:179,0
DA:181,0
DA:182,0
DA:183,0
DA:186,0
DA:187,0
DA:191,0
DA:192,0
DA:195,0
DA:198,0
DA:199,0
DA:200,0
DA:201,0
DA:206,0
DA:207,0
DA:209,0
DA:210,0
DA:211,0
DA:214,0
DA:215,0
DA:219,0
DA:220,0
DA:223,0
DA:226,0
DA:227,0
DA:228,0
LF:112
LH:80
BRDA:33,0,0,17677
BRDA:33,0,1,12334
BRDA:38,1,0,2695
BRDA:38,1,1,81422
BRDA:39,2,0,84117
BRDA:39,2,1,40714
BRDA:39,2,2,27932
BRDA:46,3,0,2357
BRDA:46,3,1,79065
BRDA:47,4,0,81422
BRDA:47,4,1,41701
BRDA:47,4,2,25123
BRDA:55,5,0,1077
BRDA:55,5,1,24081
BRDA:56,6,0,25158
BRDA:56,6,1,11965
BRDA:56,6,2,10760
BRDA:56,6,3,25025
BRDA:56,6,4,19447
BRDA:56,6,5,16351
BRDA:69,7,0,95
BRDA:69,7,1,620
BRDA:74,8,0,1778
BRDA:74,8,1,5917
BRDA:74,9,0,7695
BRDA:74,9,1,2258
BRDA:83,10,0,3459
BRDA:83,10,1,2121
BRDA:95,11,0,0
BRDA:95,11,1,5808
BRDA:95,12,0,5808
BRDA:95,12,1,3927
BRDA:95,12,2,5808
BRDA:101,13,0,0
BRDA:101,13,1,5808
BRDA:109,14,0,718
BRDA:109,14,1,5090
BRDA:114,15,0,470
BRDA:114,15,1,5338
BRDA:119,16,0,57
BRDA:119,16,1,5751
BRDA:127,17,0,2958
BRDA:127,17,1,2850
BRDA:128,18,0,2850
BRDA:128,18,1,2958
BRDA:137,19,0,1
BRDA:137,19,1,0
BRDA:149,20,0,6623
BRDA:149,20,1,6569
BRDA:154,21,0,12
BRDA:154,21,1,78
BRDA:155,22,0,5
BRDA:155,22,1,7
BRDA:178,23,0,0
BRDA:178,23,1,0
BRDA:186,24,0,0
BRDA:186,24,1,0
BRDA:191,25,0,0
BRDA:191,25,1,0
BRDA:191,26,0,0
BRDA:191,26,1,0
BRDA:198,27,0,0
BRDA:198,27,1,0
BRDA:199,28,0,0
BRDA:199,28,1,0
BRDA:206,29,0,0
BRDA:206,29,1,0
BRDA:214,30,0,0
BRDA:214,30,1,0
BRDA:219,31,0,0
BRDA:219,31,1,0
BRDA:226,32,0,0
BRDA:226,32,1,0
BRDA:227,33,0,0
BRDA:227,33,1,0
BRF:75
BRH:50
end_of_record
TN:
SF:src\GameLogic\MonteCarloTreeSearch.js
FN:4,(anonymous_0)
FN:13,(anonymous_1)
FN:17,(anonymous_2)
FN:19,(anonymous_3)
FN:26,(anonymous_4)
FN:34,monteCarloTreeSearch
FN:48,(anonymous_6)
FN:48,(anonymous_7)
FN:62,(anonymous_8)
FN:67,(anonymous_9)
FN:71,simulate
FN:77,(anonymous_11)
FN:78,(anonymous_12)
FN:88,evaluateMove
FN:104,countPotentialWinningLines
FN:106,(anonymous_15)
FN:114,countPotentialLinesInBoard
FN:127,(anonymous_17)
FN:127,(anonymous_18)
FN:130,isMoveInCenter
FN:137,backpropagate
FN:145,weightBasedOnDepth
FN:158,findMaxDepth
FN:161,(anonymous_23)
FNF:24
FNH:22
FNDA:12,(anonymous_0)
FNDA:10,(anonymous_1)
FNDA:0,(anonymous_2)
FNDA:0,(anonymous_3)
FNDA:10,(anonymous_4)
FNDA:2,monteCarloTreeSearch
FNDA:80,(anonymous_6)
FNDA:160,(anonymous_7)
FNDA:6,(anonymous_8)
FNDA:10,(anonymous_9)
FNDA:10,simulate
FNDA:5077,(anonymous_11)
FNDA:11000,(anonymous_12)
FNDA:5077,evaluateMove
FNDA:10154,countPotentialWinningLines
FNDA:91386,(anonymous_15)
FNDA:91386,countPotentialLinesInBoard
FNDA:731088,(anonymous_17)
FNDA:969288,(anonymous_18)
FNDA:5077,isMoveInCenter
FNDA:10,backpropagate
FNDA:20,weightBasedOnDepth
FNDA:50,findMaxDepth
FNDA:30,(anonymous_23)
DA:2,2
DA:5,12
DA:6,12
DA:7,12
DA:8,12
DA:9,12
DA:10,12
DA:14,10
DA:19,0
DA:20,0
DA:21,0
DA:22,0
DA:27,10
DA:28,10
DA:29,10
DA:35,2
DA:37,2
DA:38,10
DA:41,10
DA:42,0
DA:46,10
DA:47,10
DA:48,160
DA:49,10
DA:50,10
DA:51,10
DA:52,10
DA:56,10
DA:59,10
DA:61,10
DA:62,6
DA:63,6
DA:67,10
DA:68,2
DA:72,10
DA:73,10
DA:75,10
DA:76,695
DA:77,5077
DA:78,11000
DA:79,695
DA:81,695
DA:84,10
DA:85,10
DA:90,5077
DA:91,5077
DA:93,5077
DA:94,5077
DA:97,5077
DA:98,5077
DA:99,5077
DA:101,5077
DA:106,10154
DA:107,91386
DA:108,91386
DA:111,10154
DA:116,91386
DA:127,969288
DA:132,5077
DA:133,5077
DA:138,10
DA:139,20
DA:140,20
DA:141,20
DA:148,20
DA:151,20
DA:154,20
DA:155,20
DA:160,50
DA:161,50
DA:162,50
LF:71
LH:66
BRDA:4,0,0,2
BRDA:4,1,0,12
BRDA:21,2,0,0
BRDA:21,2,1,0
BRDA:22,3,0,0
BRDA:22,3,1,0
BRDA:41,4,0,10
BRDA:41,4,1,10
BRDA:46,5,0,10
BRDA:46,5,1,0
BRDA:61,6,0,6
BRDA:61,6,1,4
BRDA:67,7,0,2
BRDA:67,7,1,8
BRDA:85,8,0,0
BRDA:85,8,1,10
BRDA:85,9,0,0
BRDA:85,9,1,10
BRDA:99,10,0,1089
BRDA:99,10,1,3988
BRDA:160,11,0,0
BRDA:160,11,1,50
BRF:22
BRH:14
end_of_record
TN:
SF:src\GamePlayScreen\BigBoard.js
FN:6,(anonymous_0)
FN:9,(anonymous_1)
FN:11,(anonymous_2)
FNF:3
FNH:3
FNDA:55,(anonymous_0)
FNDA:163,(anonymous_1)
FNDA:487,(anonymous_2)
DA:6,2
DA:7,55
DA:10,163
DA:12,487
DA:29,2
DA:30,2
DA:31,2
DA:32,2
DA:34,2
LF:9
LH:9
BRDA:17,0,0,486
BRDA:17,0,1,459
BRF:2
BRH:2
end_of_record
TN:
SF:src\GamePlayScreen\Cell.js
FN:9,(anonymous_0)
FNF:1
FNH:1
FNDA:4151,(anonymous_0)
DA:9,2
DA:10,4151
DA:11,4151
DA:12,4151
DA:13,4150
DA:14,4150
DA:21,2
LF:7
LH:7
BRDA:12,0,0,2322
BRDA:12,0,1,1828
BRDA:12,1,0,2160
BRDA:12,1,1,162
BRDA:13,2,0,121
BRDA:13,2,1,4029
BRDA:13,3,0,54
BRDA:13,3,1,67
BRDA:15,4,0,4150
BRDA:15,4,1,3664
BRDA:15,4,2,601
BRF:11
BRH:11
end_of_record
TN:
SF:src\GamePlayScreen\GamePlayScreen.js
FN:20,(anonymous_0)
FN:34,(anonymous_1)
FN:57,(anonymous_2)
FN:59,(anonymous_3)
FN:60,(anonymous_4)
FN:67,(anonymous_5)
FN:70,(anonymous_6)
FNF:7
FNH:6
FNDA:36,(anonymous_0)
FNDA:25,(anonymous_1)
FNDA:2,(anonymous_2)
FNDA:2,(anonymous_3)
FNDA:2,(anonymous_4)
FNDA:7,(anonymous_5)
FNDA:0,(anonymous_6)
DA:20,1
DA:22,36
DA:24,36
DA:25,36
DA:26,36
DA:27,36
DA:29,36
DA:31,36
DA:32,36
DA:34,36
DA:36,25
DA:38,25
DA:39,25
DA:40,25
DA:42,0
DA:45,25
DA:46,1
DA:47,1
DA:48,1
DA:49,1
DA:52,24
DA:53,2
DA:57,36
DA:58,2
DA:59,2
DA:60,2
DA:61,2
DA:62,2
DA:63,2
DA:67,36
DA:69,7
DA:70,0
DA:71,0
DA:72,0
DA:73,0
DA:74,0
DA:76,0
DA:77,0
DA:81,0
DA:83,7
DA:84,0
DA:88,36
DA:89,36
DA:90,36
DA:105,1
LF:45
LH:35
BRDA:32,0,0,0
BRDA:32,0,1,36
BRDA:38,1,0,25
BRDA:38,1,1,0
BRDA:45,2,0,1
BRDA:45,2,1,24
BRDA:52,3,0,2
BRDA:52,3,1,22
BRDA:69,4,0,0
BRDA:69,4,1,7
BRDA:73,5,0,0
BRDA:73,5,1,0
BRDA:83,6,0,0
BRDA:83,6,1,7
BRDA:89,7,0,18
BRDA:89,7,1,18
BRDA:96,8,0,36
BRDA:96,8,1,10
BRDA:98,9,0,0
BRDA:98,9,1,10
BRF:20
BRH:13
end_of_record
TN:
SF:src\GamePlayScreen\SmallBoard.js
FN:6,(anonymous_0)
FN:10,(anonymous_1)
FN:12,(anonymous_2)
FN:20,(anonymous_3)
FNF:4
FNH:4
FNDA:487,(anonymous_0)
FNDA:1374,(anonymous_1)
FNDA:4122,(anonymous_2)
FNDA:26,(anonymous_3)
DA:6,2
DA:7,487
DA:11,1374
DA:13,4122
DA:20,26
DA:41,2
LF:6
LH:6
BRDA:8,0,0,458
BRDA:8,0,1,28
BRF:2
BRH:2
end_of_record
TN:
SF:src\GamePlayScreen\WinnerModal.js
FN:10,(anonymous_0)
FN:16,(anonymous_1)
FN:31,(anonymous_2)
FN:43,(anonymous_3)
FNF:4
FNH:2
FNDA:54,(anonymous_0)
FNDA:54,(anonymous_1)
FNDA:0,(anonymous_2)
FNDA:0,(anonymous_3)
DA:10,2
DA:11,54
DA:12,54
DA:13,54
DA:14,54
DA:16,54
DA:17,54
DA:18,0
DA:19,54
DA:20,1
DA:22,53
DA:26,54
DA:32,0
DA:44,0
DA:45,0
DA:57,2
LF:16
LH:12
BRDA:14,0,0,0
BRDA:14,0,1,54
BRDA:17,1,0,0
BRDA:17,1,1,54
BRDA:19,2,0,1
BRDA:19,2,1,53
BRDA:38,3,0,0
BRDA:38,3,1,54
BRDA:38,4,0,1
BRDA:38,4,1,53
BRDA:40,5,0,0
BRDA:40,5,1,54
BRF:12
BRH:8
end_of_record
TN:
SF:src\HomeScreen\HomeScreen.js
FN:13,(anonymous_0)
FN:26,(anonymous_1)
FN:26,(anonymous_2)
FN:35,(anonymous_3)
FN:38,(anonymous_4)
FN:62,(anonymous_5)
FN:69,(anonymous_6)
FN:91,(anonymous_7)
FN:96,(anonymous_8)
FN:102,(anonymous_9)
FNF:10
FNH:9
FNDA:21,(anonymous_0)
FNDA:2,(anonymous_1)
FNDA:2,(anonymous_2)
FNDA:0,(anonymous_3)
FNDA:1,(anonymous_4)
FNDA:1,(anonymous_5)
FNDA:3,(anonymous_6)
FNDA:5,(anonymous_7)
FNDA:1,(anonymous_8)
FNDA:1,(anonymous_9)
DA:13,1
DA:14,21
DA:15,21
DA:16,21
DA:17,21
DA:18,21
DA:20,21
DA:21,21
DA:23,21
DA:24,21
DA:26,21
DA:28,21
DA:36,0
DA:38,1
DA:62,1
DA:70,3
DA:71,3
DA:91,5
DA:96,1
DA:102,1
DA:116,1
LF:21
LH:20
BRDA:21,0,0,0
BRDA:21,0,1,21
BRDA:23,1,0,0
BRDA:23,1,1,21
BRDA:24,2,0,0
BRDA:24,2,1,21
BRDA:46,3,0,5
BRDA:46,3,1,16
BRDA:51,4,0,0
BRDA:51,4,1,21
BRDA:56,5,0,21
BRDA:56,5,1,5
BRDA:62,6,0,1
BRDA:62,6,1,0
BRDA:67,7,0,0
BRDA:67,7,1,21
BRDA:71,8,0,2
BRDA:71,8,1,1
BRF:18
BRH:12
end_of_record
TN:
SF:src\HomeScreen\homeComponents\ButtonComponent.js
FN:6,ButtonComponent
FNF:1
FNH:1
FNDA:81,ButtonComponent
DA:7,81
DA:14,5
LF:2
LH:2
BRF:0
BRH:0
end_of_record
TN:
SF:src\HomeScreen\homeComponents\HomeTitleComponent.js
FN:7,(anonymous_0)
FNF:1
FNH:1
FNDA:21,(anonymous_0)
DA:7,1
DA:8,21
DA:10,21
DA:22,1
LF:4
LH:4
BRF:0
BRH:0
end_of_record
TN:
SF:src\HomeScreen\homeComponents\TabComponent.js
FN:8,TabComponent
FNF:1
FNH:0
FNDA:0,TabComponent
DA:9,0
DA:58,0
LF:2
LH:0
BRDA:17,0,0,0
BRDA:17,0,1,0
BRDA:25,1,0,0
BRDA:25,1,1,0
BRF:4
BRH:0
end_of_record
TN:
SF:src\SettingsScreen\AuthenticationSection.js
FN:23,(anonymous_0)
FN:41,(anonymous_1)
FN:42,(anonymous_2)
FN:46,(anonymous_3)
FN:49,(anonymous_4)
FN:71,(anonymous_5)
FN:93,(anonymous_6)
FN:122,(anonymous_7)
FN:130,(anonymous_8)
FN:130,(anonymous_9)
FN:133,(anonymous_10)
FN:156,(anonymous_11)
FN:167,(anonymous_12)
FN:185,(anonymous_13)
FN:210,(anonymous_14)
FN:223,(anonymous_15)
FN:226,(anonymous_16)
FN:259,(anonymous_17)
FN:275,(anonymous_18)
FN:284,(anonymous_19)
FN:294,(anonymous_20)
FNF:21
FNH:3
FNDA:7,(anonymous_0)
FNDA:6,(anonymous_1)
FNDA:0,(anonymous_2)
FNDA:6,(anonymous_3)
FNDA:0,(anonymous_4)
FNDA:0,(anonymous_5)
FNDA:0,(anonymous_6)
FNDA:0,(anonymous_7)
FNDA:0,(anonymous_8)
FNDA:0,(anonymous_9)
FNDA:0,(anonymous_10)
FNDA:0,(anonymous_11)
FNDA:0,(anonymous_12)
FNDA:0,(anonymous_13)
FNDA:0,(anonymous_14)
FNDA:0,(anonymous_15)
FNDA:0,(anonymous_16)
FNDA:0,(anonymous_17)
FNDA:0,(anonymous_18)
FNDA:0,(anonymous_19)
FNDA:0,(anonymous_20)
DA:23,1
DA:24,7
DA:25,7
DA:26,6
DA:27,6
DA:28,6
DA:31,6
DA:32,6
DA:33,6
DA:34,6
DA:35,6
DA:36,6
DA:37,6
DA:41,6
DA:42,6
DA:43,0
DA:46,6
DA:49,6
DA:50,0
DA:51,0
DA:52,0
DA:53,0
DA:54,0
DA:57,0
DA:58,0
DA:59,0
DA:60,0
DA:61,0
DA:62,0
DA:63,0
DA:65,0
DA:67,0
DA:71,6
DA:72,0
DA:73,0
DA:74,0
DA:75,0
DA:77,0
DA:78,0
DA:79,0
DA:80,0
DA:81,0
DA:82,0
DA:83,0
DA:85,0
DA:88,0
DA:93,6
DA:94,0
DA:95,0
DA:98,0
DA:99,0
DA:100,0
DA:101,0
DA:104,0
DA:106,0
DA:109,0
DA:110,0
DA:112,0
DA:114,0
DA:122,0
DA:123,0
DA:124,0
DA:126,0
DA:127,0
DA:130,0
DA:133,0
DA:134,0
DA:136,0
DA:137,0
DA:143,0
DA:144,0
DA:146,0
DA:147,0
DA:149,0
DA:156,6
DA:157,0
DA:158,0
DA:161,0
DA:163,0
DA:164,0
DA:165,0
DA:167,0
DA:168,0
DA:169,0
DA:170,0
DA:173,0
DA:174,0
DA:178,0
DA:179,0
DA:180,0
DA:185,6
DA:186,0
DA:187,0
DA:190,0
DA:192,0
DA:195,0
DA:196,0
DA:197,0
DA:198,0
DA:201,0
DA:204,0
DA:205,0
DA:206,0
DA:210,6
DA:211,0
DA:212,0
DA:213,0
DA:214,0
DA:217,0
DA:218,0
DA:219,0
DA:223,6
DA:224,0
DA:225,0
DA:226,0
DA:227,0
DA:228,0
DA:233,0
DA:234,0
DA:237,0
DA:239,0
DA:244,6
DA:259,0
DA:275,0
DA:284,0
DA:294,0
DA:303,1
LF:127
LH:25
BRDA:32,0,0,0
BRDA:32,0,1,6
BRDA:33,1,0,0
BRDA:33,1,1,6
BRDA:36,2,0,0
BRDA:36,2,1,6
BRDA:37,3,0,0
BRDA:37,3,1,6
BRDA:58,4,0,0
BRDA:58,4,1,0
BRDA:60,5,0,0
BRDA:60,5,1,0
BRDA:62,6,0,0
BRDA:62,6,1,0
BRDA:78,7,0,0
BRDA:78,7,1,0
BRDA:80,8,0,0
BRDA:80,8,1,0
BRDA:82,9,0,0
BRDA:82,9,1,0
BRDA:94,10,0,0
BRDA:94,10,1,0
BRDA:99,11,0,0
BRDA:99,11,1,0
BRDA:112,12,0,0
BRDA:112,12,1,0
BRDA:127,13,0,0
BRDA:127,13,1,0
BRDA:157,14,0,0
BRDA:157,14,1,0
BRDA:168,15,0,0
BRDA:168,15,1,0
BRDA:186,16,0,0
BRDA:186,16,1,0
BRDA:224,17,0,0
BRDA:224,17,1,0
BRDA:249,18,0,0
BRDA:249,18,1,6
BRF:38
BRH:5
end_of_record
TN:
SF:src\SettingsScreen\ColorPicker.js
FN:25,ColorPicker
FN:44,(anonymous_1)
FN:47,(anonymous_2)
FN:69,(anonymous_3)
FN:76,(anonymous_4)
FN:81,(anonymous_5)
FN:94,(anonymous_6)
FN:124,(anonymous_7)
FNF:8
FNH:5
FNDA:7,ColorPicker
FNDA:1,(anonymous_1)
FNDA:0,(anonymous_2)
FNDA:70,(anonymous_3)
FNDA:1,(anonymous_4)
FNDA:1,(anonymous_5)
FNDA:0,(anonymous_6)
FNDA:0,(anonymous_7)
DA:20,1
DA:21,1
DA:28,7
DA:30,7
DA:32,7
DA:33,7
DA:35,7
DA:36,7
DA:40,7
DA:44,1
DA:47,0
DA:70,70
DA:71,70
DA:72,70
DA:77,1
DA:78,1
DA:79,1
DA:80,1
DA:81,1
DA:82,1
DA:83,1
DA:84,1
DA:89,0
DA:91,1
DA:92,0
DA:93,0
DA:94,0
DA:95,0
DA:96,0
DA:103,0
DA:125,0
DA:135,1
LF:32
LH:23
BRDA:44,0,0,7
BRDA:44,0,1,0
BRDA:44,1,0,7
BRDA:44,1,1,0
BRDA:47,2,0,7
BRDA:47,2,1,0
BRDA:47,3,0,7
BRDA:47,3,1,0
BRDA:55,4,0,1
BRDA:55,4,1,6
BRDA:59,5,0,7
BRDA:59,5,1,1
BRDA:59,6,0,7
BRDA:59,6,1,6
BRDA:60,7,0,1
BRDA:60,7,1,6
BRDA:62,8,0,7
BRDA:62,8,1,1
BRDA:62,9,0,7
BRDA:62,9,1,6
BRDA:64,10,0,7
BRDA:64,10,1,1
BRDA:65,11,0,7
BRDA:65,11,1,6
BRDA:66,12,0,1
BRDA:66,12,1,6
BRDA:70,13,0,10
BRDA:70,13,1,60
BRDA:71,14,0,10
BRDA:71,14,1,60
BRDA:77,15,0,1
BRDA:77,15,1,0
BRDA:78,16,0,1
BRDA:78,16,1,0
BRDA:92,17,0,0
BRDA:92,17,1,0
BRDA:110,18,0,70
BRDA:110,18,1,7
BRDA:114,19,0,70
BRDA:114,19,1,63
BRDA:115,20,0,7
BRDA:115,20,1,63
BRDA:115,21,0,1
BRDA:115,21,1,6
BRDA:123,22,0,7
BRDA:123,22,1,1
BRDA:123,23,0,7
BRDA:123,23,1,6
BRF:48
BRH:40
end_of_record
TN:
SF:src\SettingsScreen\ResetColorTheme.js
FN:15,(anonymous_0)
FN:24,(anonymous_1)
FN:29,(anonymous_2)
FNF:3
FNH:1
FNDA:6,(anonymous_0)
FNDA:0,(anonymous_1)
FNDA:0,(anonymous_2)
DA:15,1
DA:16,6
DA:18,6
DA:19,6
DA:20,6
DA:21,6
DA:22,6
DA:24,6
DA:25,0
DA:27,0
DA:28,0
DA:29,0
DA:30,0
DA:31,0
DA:35,0
DA:39,0
DA:46,0
DA:49,6
DA:63,1
LF:19
LH:10
BRDA:22,0,0,0
BRDA:22,0,1,6
BRF:2
BRH:1
end_of_record
TN:
SF:src\SettingsScreen\SettingsScreen.js
FN:24,(anonymous_0)
FN:29,(anonymous_1)
FN:32,(anonymous_2)
FNF:3
FNH:1
FNDA:6,(anonymous_0)
FNDA:0,(anonymous_1)
FNDA:0,(anonymous_2)
DA:24,1
DA:25,6
DA:26,6
DA:27,6
DA:29,6
DA:30,0
DA:31,0
DA:32,0
DA:33,0
DA:34,0
DA:39,0
DA:40,0
DA:43,0
DA:45,0
DA:50,6
DA:51,6
DA:52,6
DA:53,6
DA:54,6
DA:55,6
DA:76,1
LF:21
LH:12
BRDA:30,0,0,0
BRDA:30,0,1,0
BRDA:51,1,0,0
BRDA:51,1,1,6
BRDA:52,2,0,0
BRDA:52,2,1,6
BRDA:53,3,0,0
BRDA:53,3,1,6
BRDA:66,4,0,0
BRDA:66,4,1,6
BRDA:67,5,0,0
BRDA:67,5,1,6
BRF:12
BRH:5
end_of_record
TN:
SF:src\SettingsScreen\ThemePicker.js
FN:15,(anonymous_0)
FN:23,(anonymous_1)
FN:26,(anonymous_2)
FNF:3
FNH:3
FNDA:6,(anonymous_0)
FNDA:1,(anonymous_1)
FNDA:1,(anonymous_2)
DA:15,1
DA:16,6
DA:17,6
DA:18,6
DA:19,6
DA:20,6
DA:23,6
DA:24,1
DA:25,1
DA:26,1
DA:27,1
DA:28,1
DA:38,1
DA:42,6
DA:59,1
LF:15
LH:15
BRDA:20,0,0,0
BRDA:20,0,1,6
BRDA:24,1,0,1
BRDA:24,1,1,0
BRDA:48,2,0,0
BRDA:48,2,1,6
BRDA:51,3,0,0
BRDA:51,3,1,6
BRDA:52,4,0,0
BRDA:52,4,1,6
BRF:10
BRH:5
end_of_record
TN:
SF:src\StatisticsScreen\ReplayScreen.js
FN:15,(anonymous_0)
FN:21,(anonymous_1)
FN:27,(anonymous_2)
FN:29,(anonymous_3)
FN:48,(anonymous_4)
FN:61,(anonymous_5)
FN:75,(anonymous_6)
FNF:7
FNH:0
FNDA:0,(anonymous_0)
FNDA:0,(anonymous_1)
FNDA:0,(anonymous_2)
FNDA:0,(anonymous_3)
FNDA:0,(anonymous_4)
FNDA:0,(anonymous_5)
FNDA:0,(anonymous_6)
DA:15,0
DA:16,0
DA:21,0
DA:22,0
DA:23,0
DA:24,0
DA:25,0
DA:27,0
DA:29,0
DA:30,0
DA:31,0
DA:34,0
DA:38,0
DA:39,0
DA:42,0
DA:49,0
DA:50,0
DA:51,0
DA:52,0
DA:62,0
DA:63,0
DA:64,0
DA:65,0
DA:81,0
LF:24
LH:0
BRDA:38,0,0,0
BRDA:38,0,1,0
BRDA:58,1,0,0
BRDA:58,1,1,0
BRDA:73,2,0,0
BRDA:73,2,1,0
BRF:6
BRH:0
end_of_record
TN:
SF:src\StatisticsScreen\StatisticsScreen.js
FN:16,(anonymous_0)
FN:22,(anonymous_1)
FN:38,(anonymous_2)
FN:40,(anonymous_3)
FN:50,(anonymous_4)
FN:54,(anonymous_5)
FN:62,(anonymous_6)
FN:63,(anonymous_7)
FN:74,(anonymous_8)
FN:87,(anonymous_9)
FN:89,(anonymous_10)
FN:92,(anonymous_11)
FN:104,(anonymous_12)
FN:143,(anonymous_13)
FN:178,(anonymous_14)
FN:186,(anonymous_15)
FN:199,(anonymous_16)
FN:206,(anonymous_17)
FNF:18
FNH:0
FNDA:0,(anonymous_0)
FNDA:0,(anonymous_1)
FNDA:0,(anonymous_2)
FNDA:0,(anonymous_3)
FNDA:0,(anonymous_4)
FNDA:0,(anonymous_5)
FNDA:0,(anonymous_6)
FNDA:0,(anonymous_7)
FNDA:0,(anonymous_8)
FNDA:0,(anonymous_9)
FNDA:0,(anonymous_10)
FNDA:0,(anonymous_11)
FNDA:0,(anonymous_12)
FNDA:0,(anonymous_13)
FNDA:0,(anonymous_14)
FNDA:0,(anonymous_15)
FNDA:0,(anonymous_16)
FNDA:0,(anonymous_17)
DA:16,0
DA:17,0
DA:22,0
DA:23,0
DA:24,0
DA:25,0
DA:27,0
DA:28,0
DA:29,0
DA:31,0
DA:32,0
DA:33,0
DA:34,0
DA:35,0
DA:36,0
DA:38,0
DA:40,0
DA:41,0
DA:42,0
DA:45,0
DA:50,0
DA:51,0
DA:52,0
DA:53,0
DA:54,0
DA:56,0
DA:58,0
DA:62,0
DA:63,0
DA:64,0
DA:65,0
DA:68,0
DA:71,0
DA:74,0
DA:75,0
DA:79,0
DA:83,0
DA:84,0
DA:87,0
DA:88,0
DA:89,0
DA:92,0
DA:93,0
DA:94,0
DA:96,0
DA:104,0
DA:143,0
DA:153,0
DA:178,0
DA:186,0
DA:199,0
DA:206,0
DA:214,0
LF:53
LH:0
BRDA:32,0,0,0
BRDA:32,0,1,0
BRDA:33,1,0,0
BRDA:33,1,1,0
BRDA:34,2,0,0
BRDA:34,2,1,0
BRDA:35,3,0,0
BRDA:35,3,1,0
BRDA:36,4,0,0
BRDA:36,4,1,0
BRDA:53,5,0,0
BRDA:53,5,1,0
BRDA:56,6,0,0
BRDA:56,6,1,0
BRDA:83,7,0,0
BRDA:83,7,1,0
BRDA:89,8,0,0
BRDA:89,8,1,0
BRDA:103,9,0,0
BRDA:103,9,1,0
BRDA:106,10,0,0
BRDA:106,10,1,0
BRDA:106,11,0,0
BRDA:106,11,1,0
BRDA:115,12,0,0
BRDA:115,12,1,0
BRDA:116,13,0,0
BRDA:116,13,1,0
BRDA:116,14,0,0
BRDA:116,14,1,0
BRDA:122,15,0,0
BRDA:122,15,1,0
BRDA:138,16,0,0
BRDA:138,16,1,0
BRDA:138,17,0,0
BRDA:138,17,1,0
BRDA:204,18,0,0
BRDA:204,18,1,0
BRF:38
BRH:0
end_of_record
TN:
SF:src\styles\colorsPalettes\ColorsPalette.js
FNF:0
FNH:0
LF:0
LH:0
BRF:0
BRH:0
end_of_record
TN:
SF:src\styles\colorsPalettes\ColorsPaletteSoft.js
FNF:0
FNH:0
LF:0
LH:0
BRF:0
BRH:0
end_of_record
TN:
SF:src\styles\contexts\ColorContext.js
FNF:0
FNH:0
DA:3,0
LF:1
LH:0
BRF:0
BRH:0
end_of_record
TN:
SF:src\styles\contexts\ThemeContext.js
FNF:0
FNH:0
DA:3,0
LF:1
LH:0
BRF:0
BRH:0
end_of_record
TN:
SF:src\styles\themes\MyDarkTheme.js
FNF:0
FNH:0
DA:2,0
LF:1
LH:0
BRF:0
BRH:0
end_of_record
TN:
SF:src\styles\themes\MyLightTheme.js
FNF:0
FNH:0
DA:4,0
LF:1
LH:0
BRF:0
BRH:0
end_of_record
